<?xml version="1.0" encoding="UTF-8"?>
<testsuite xmlns:xsi="http://www.w3.org/2001/XMLSchema-instance" xsi:noNamespaceSchemaLocation="https://maven.apache.org/surefire/maven-surefire-plugin/xsd/surefire-test-report.xsd" name="nasa.api.steps.CucumberTest" time="6.623" tests="4" errors="0" skipped="0" failures="4">
  <properties>
    <property name="java.specification.version" value="15"/>
    <property name="apiKey" value="r5NitMOHTaGOchXoEPRhPA2GCbf8PUzpSILOdwwA"/>
    <property name="sun.cpu.isalist" value="amd64"/>
    <property name="sun.jnu.encoding" value="Cp1252"/>
    <property name="java.class.path" value="C:\Users\yuggo\IdeaProjects\allure-cucumber5-testng\target\test-classes;C:\Users\yuggo\IdeaProjects\allure-cucumber5-testng\target\classes;C:\Users\yuggo\.m2\repository\io\qameta\allure\allure-cucumber5-jvm\2.13.6\allure-cucumber5-jvm-2.13.6.jar;C:\Users\yuggo\.m2\repository\io\qameta\allure\allure-java-commons\2.13.6\allure-java-commons-2.13.6.jar;C:\Users\yuggo\.m2\repository\io\qameta\allure\allure-model\2.13.6\allure-model-2.13.6.jar;C:\Users\yuggo\.m2\repository\org\slf4j\slf4j-api\1.7.30\slf4j-api-1.7.30.jar;C:\Users\yuggo\.m2\repository\com\fasterxml\jackson\core\jackson-databind\2.11.2\jackson-databind-2.11.2.jar;C:\Users\yuggo\.m2\repository\com\fasterxml\jackson\core\jackson-annotations\2.11.2\jackson-annotations-2.11.2.jar;C:\Users\yuggo\.m2\repository\com\fasterxml\jackson\core\jackson-core\2.11.2\jackson-core-2.11.2.jar;C:\Users\yuggo\.m2\repository\org\apache\tika\tika-core\1.24.1\tika-core-1.24.1.jar;C:\Users\yuggo\.m2\repository\org\jooq\joor-java-8\0.9.13\joor-java-8-0.9.13.jar;C:\Users\yuggo\.m2\repository\io\cucumber\gherkin\5.1.0\gherkin-5.1.0.jar;C:\Users\yuggo\.m2\repository\io\cucumber\gherkin-jvm-deps\1.0.4\gherkin-jvm-deps-1.0.4.jar;C:\Users\yuggo\.m2\repository\io\cucumber\cucumber-testng\5.7.0\cucumber-testng-5.7.0.jar;C:\Users\yuggo\.m2\repository\org\apiguardian\apiguardian-api\1.1.0\apiguardian-api-1.1.0.jar;C:\Users\yuggo\.m2\repository\io\cucumber\cucumber-core\5.7.0\cucumber-core-5.7.0.jar;C:\Users\yuggo\.m2\repository\io\cucumber\cucumber-gherkin\5.7.0\cucumber-gherkin-5.7.0.jar;C:\Users\yuggo\.m2\repository\io\cucumber\cucumber-gherkin-vintage\5.7.0\cucumber-gherkin-vintage-5.7.0.jar;C:\Users\yuggo\.m2\repository\io\cucumber\tag-expressions\2.0.4\tag-expressions-2.0.4.jar;C:\Users\yuggo\.m2\repository\io\cucumber\cucumber-expressions\8.3.1\cucumber-expressions-8.3.1.jar;C:\Users\yuggo\.m2\repository\io\cucumber\datatable\3.3.1\datatable-3.3.1.jar;C:\Users\yuggo\.m2\repository\io\cucumber\cucumber-plugin\5.7.0\cucumber-plugin-5.7.0.jar;C:\Users\yuggo\.m2\repository\io\cucumber\docstring\5.7.0\docstring-5.7.0.jar;C:\Users\yuggo\.m2\repository\org\testng\testng\7.1.0\testng-7.1.0.jar;C:\Users\yuggo\.m2\repository\com\beust\jcommander\1.72\jcommander-1.72.jar;C:\Users\yuggo\.m2\repository\com\google\inject\guice\4.1.0\guice-4.1.0-no_aop.jar;C:\Users\yuggo\.m2\repository\javax\inject\javax.inject\1\javax.inject-1.jar;C:\Users\yuggo\.m2\repository\aopalliance\aopalliance\1.0\aopalliance-1.0.jar;C:\Users\yuggo\.m2\repository\com\google\guava\guava\19.0\guava-19.0.jar;C:\Users\yuggo\.m2\repository\io\cucumber\cucumber-java\5.7.0\cucumber-java-5.7.0.jar;C:\Users\yuggo\.m2\repository\io\rest-assured\rest-assured\4.3.3\rest-assured-4.3.3.jar;C:\Users\yuggo\.m2\repository\org\codehaus\groovy\groovy\3.0.7\groovy-3.0.7.jar;C:\Users\yuggo\.m2\repository\org\codehaus\groovy\groovy-xml\3.0.7\groovy-xml-3.0.7.jar;C:\Users\yuggo\.m2\repository\org\apache\httpcomponents\httpclient\4.5.3\httpclient-4.5.3.jar;C:\Users\yuggo\.m2\repository\org\apache\httpcomponents\httpcore\4.4.6\httpcore-4.4.6.jar;C:\Users\yuggo\.m2\repository\commons-logging\commons-logging\1.2\commons-logging-1.2.jar;C:\Users\yuggo\.m2\repository\commons-codec\commons-codec\1.9\commons-codec-1.9.jar;C:\Users\yuggo\.m2\repository\org\apache\httpcomponents\httpmime\4.5.3\httpmime-4.5.3.jar;C:\Users\yuggo\.m2\repository\org\hamcrest\hamcrest\2.1\hamcrest-2.1.jar;C:\Users\yuggo\.m2\repository\org\ccil\cowan\tagsoup\tagsoup\1.2.1\tagsoup-1.2.1.jar;C:\Users\yuggo\.m2\repository\io\rest-assured\json-path\4.3.3\json-path-4.3.3.jar;C:\Users\yuggo\.m2\repository\org\codehaus\groovy\groovy-json\3.0.7\groovy-json-3.0.7.jar;C:\Users\yuggo\.m2\repository\io\rest-assured\rest-assured-common\4.3.3\rest-assured-common-4.3.3.jar;C:\Users\yuggo\.m2\repository\io\rest-assured\xml-path\4.3.3\xml-path-4.3.3.jar;C:\Users\yuggo\.m2\repository\org\apache\commons\commons-lang3\3.11\commons-lang3-3.11.jar;C:\Users\yuggo\.m2\repository\com\sun\xml\bind\jaxb-impl\2.3.3\jaxb-impl-2.3.3.jar;C:\Users\yuggo\.m2\repository\org\springframework\boot\spring-boot-starter\2.5.2\spring-boot-starter-2.5.2.jar;C:\Users\yuggo\.m2\repository\org\springframework\boot\spring-boot\2.5.2\spring-boot-2.5.2.jar;C:\Users\yuggo\.m2\repository\org\springframework\spring-context\5.3.8\spring-context-5.3.8.jar;C:\Users\yuggo\.m2\repository\org\springframework\spring-aop\5.3.8\spring-aop-5.3.8.jar;C:\Users\yuggo\.m2\repository\org\springframework\spring-beans\5.3.8\spring-beans-5.3.8.jar;C:\Users\yuggo\.m2\repository\org\springframework\spring-expression\5.3.8\spring-expression-5.3.8.jar;C:\Users\yuggo\.m2\repository\org\springframework\boot\spring-boot-autoconfigure\2.5.2\spring-boot-autoconfigure-2.5.2.jar;C:\Users\yuggo\.m2\repository\org\springframework\boot\spring-boot-starter-logging\2.5.2\spring-boot-starter-logging-2.5.2.jar;C:\Users\yuggo\.m2\repository\ch\qos\logback\logback-classic\1.2.3\logback-classic-1.2.3.jar;C:\Users\yuggo\.m2\repository\ch\qos\logback\logback-core\1.2.3\logback-core-1.2.3.jar;C:\Users\yuggo\.m2\repository\org\apache\logging\log4j\log4j-to-slf4j\2.14.1\log4j-to-slf4j-2.14.1.jar;C:\Users\yuggo\.m2\repository\org\apache\logging\log4j\log4j-api\2.14.1\log4j-api-2.14.1.jar;C:\Users\yuggo\.m2\repository\org\slf4j\jul-to-slf4j\1.7.31\jul-to-slf4j-1.7.31.jar;C:\Users\yuggo\.m2\repository\jakarta\annotation\jakarta.annotation-api\1.3.5\jakarta.annotation-api-1.3.5.jar;C:\Users\yuggo\.m2\repository\org\springframework\spring-core\5.3.8\spring-core-5.3.8.jar;C:\Users\yuggo\.m2\repository\org\springframework\spring-jcl\5.3.8\spring-jcl-5.3.8.jar;C:\Users\yuggo\.m2\repository\org\yaml\snakeyaml\1.28\snakeyaml-1.28.jar;C:\Users\yuggo\.m2\repository\io\cucumber\cucumber-spring\6.9.1\cucumber-spring-6.9.1.jar;C:\Users\yuggo\.m2\repository\org\springframework\boot\spring-boot-starter-test\2.5.2\spring-boot-starter-test-2.5.2.jar;C:\Users\yuggo\.m2\repository\org\springframework\boot\spring-boot-test\2.5.2\spring-boot-test-2.5.2.jar;C:\Users\yuggo\.m2\repository\org\springframework\boot\spring-boot-test-autoconfigure\2.5.2\spring-boot-test-autoconfigure-2.5.2.jar;C:\Users\yuggo\.m2\repository\com\jayway\jsonpath\json-path\2.5.0\json-path-2.5.0.jar;C:\Users\yuggo\.m2\repository\net\minidev\json-smart\2.3\json-smart-2.3.jar;C:\Users\yuggo\.m2\repository\net\minidev\accessors-smart\1.2\accessors-smart-1.2.jar;C:\Users\yuggo\.m2\repository\org\ow2\asm\asm\5.0.4\asm-5.0.4.jar;C:\Users\yuggo\.m2\repository\jakarta\xml\bind\jakarta.xml.bind-api\2.3.3\jakarta.xml.bind-api-2.3.3.jar;C:\Users\yuggo\.m2\repository\jakarta\activation\jakarta.activation-api\1.2.2\jakarta.activation-api-1.2.2.jar;C:\Users\yuggo\.m2\repository\org\assertj\assertj-core\3.19.0\assertj-core-3.19.0.jar;C:\Users\yuggo\.m2\repository\org\junit\jupiter\junit-jupiter\5.7.2\junit-jupiter-5.7.2.jar;C:\Users\yuggo\.m2\repository\org\junit\jupiter\junit-jupiter-api\5.7.2\junit-jupiter-api-5.7.2.jar;C:\Users\yuggo\.m2\repository\org\opentest4j\opentest4j\1.2.0\opentest4j-1.2.0.jar;C:\Users\yuggo\.m2\repository\org\junit\platform\junit-platform-commons\1.7.2\junit-platform-commons-1.7.2.jar;C:\Users\yuggo\.m2\repository\org\junit\jupiter\junit-jupiter-params\5.7.2\junit-jupiter-params-5.7.2.jar;C:\Users\yuggo\.m2\repository\org\junit\jupiter\junit-jupiter-engine\5.7.2\junit-jupiter-engine-5.7.2.jar;C:\Users\yuggo\.m2\repository\org\junit\platform\junit-platform-engine\1.7.2\junit-platform-engine-1.7.2.jar;C:\Users\yuggo\.m2\repository\org\mockito\mockito-core\3.9.0\mockito-core-3.9.0.jar;C:\Users\yuggo\.m2\repository\net\bytebuddy\byte-buddy\1.10.20\byte-buddy-1.10.20.jar;C:\Users\yuggo\.m2\repository\net\bytebuddy\byte-buddy-agent\1.10.20\byte-buddy-agent-1.10.20.jar;C:\Users\yuggo\.m2\repository\org\objenesis\objenesis\3.2\objenesis-3.2.jar;C:\Users\yuggo\.m2\repository\org\mockito\mockito-junit-jupiter\3.9.0\mockito-junit-jupiter-3.9.0.jar;C:\Users\yuggo\.m2\repository\org\skyscreamer\jsonassert\1.5.0\jsonassert-1.5.0.jar;C:\Users\yuggo\.m2\repository\com\vaadin\external\google\android-json\0.0.20131108.vaadin1\android-json-0.0.20131108.vaadin1.jar;C:\Users\yuggo\.m2\repository\org\springframework\spring-test\5.3.8\spring-test-5.3.8.jar;C:\Users\yuggo\.m2\repository\org\xmlunit\xmlunit-core\2.8.2\xmlunit-core-2.8.2.jar;C:\Users\yuggo\.m2\repository\org\projectlombok\lombok\1.18.20\lombok-1.18.20.jar;"/>
    <property name="java.vm.vendor" value="Oracle Corporation"/>
    <property name="sun.arch.data.model" value="64"/>
    <property name="user.variant" value=""/>
    <property name="java.vendor.url" value="https://java.oracle.com/"/>
    <property name="user.timezone" value="America/Sao_Paulo"/>
    <property name="os.name" value="Windows 10"/>
    <property name="java.vm.specification.version" value="15"/>
    <property name="sun.java.launcher" value="SUN_STANDARD"/>
    <property name="user.country" value="BR"/>
    <property name="sun.boot.library.path" value="C:\Program Files\Java\jdk-15.0.2\bin"/>
    <property name="sun.java.command" value="C:\Users\yuggo\AppData\Local\Temp\surefire18269237768528553421\surefirebooter4083779219357761269.jar C:\Users\yuggo\AppData\Local\Temp\surefire18269237768528553421 2021-08-06T19-50-42_836-jvmRun1 surefire11906482142180847569tmp surefire_016495826696830696553tmp"/>
    <property name="jdk.debug" value="release"/>
    <property name="surefire.test.class.path" value="C:\Users\yuggo\IdeaProjects\allure-cucumber5-testng\target\test-classes;C:\Users\yuggo\IdeaProjects\allure-cucumber5-testng\target\classes;C:\Users\yuggo\.m2\repository\io\qameta\allure\allure-cucumber5-jvm\2.13.6\allure-cucumber5-jvm-2.13.6.jar;C:\Users\yuggo\.m2\repository\io\qameta\allure\allure-java-commons\2.13.6\allure-java-commons-2.13.6.jar;C:\Users\yuggo\.m2\repository\io\qameta\allure\allure-model\2.13.6\allure-model-2.13.6.jar;C:\Users\yuggo\.m2\repository\org\slf4j\slf4j-api\1.7.30\slf4j-api-1.7.30.jar;C:\Users\yuggo\.m2\repository\com\fasterxml\jackson\core\jackson-databind\2.11.2\jackson-databind-2.11.2.jar;C:\Users\yuggo\.m2\repository\com\fasterxml\jackson\core\jackson-annotations\2.11.2\jackson-annotations-2.11.2.jar;C:\Users\yuggo\.m2\repository\com\fasterxml\jackson\core\jackson-core\2.11.2\jackson-core-2.11.2.jar;C:\Users\yuggo\.m2\repository\org\apache\tika\tika-core\1.24.1\tika-core-1.24.1.jar;C:\Users\yuggo\.m2\repository\org\jooq\joor-java-8\0.9.13\joor-java-8-0.9.13.jar;C:\Users\yuggo\.m2\repository\io\cucumber\gherkin\5.1.0\gherkin-5.1.0.jar;C:\Users\yuggo\.m2\repository\io\cucumber\gherkin-jvm-deps\1.0.4\gherkin-jvm-deps-1.0.4.jar;C:\Users\yuggo\.m2\repository\io\cucumber\cucumber-testng\5.7.0\cucumber-testng-5.7.0.jar;C:\Users\yuggo\.m2\repository\org\apiguardian\apiguardian-api\1.1.0\apiguardian-api-1.1.0.jar;C:\Users\yuggo\.m2\repository\io\cucumber\cucumber-core\5.7.0\cucumber-core-5.7.0.jar;C:\Users\yuggo\.m2\repository\io\cucumber\cucumber-gherkin\5.7.0\cucumber-gherkin-5.7.0.jar;C:\Users\yuggo\.m2\repository\io\cucumber\cucumber-gherkin-vintage\5.7.0\cucumber-gherkin-vintage-5.7.0.jar;C:\Users\yuggo\.m2\repository\io\cucumber\tag-expressions\2.0.4\tag-expressions-2.0.4.jar;C:\Users\yuggo\.m2\repository\io\cucumber\cucumber-expressions\8.3.1\cucumber-expressions-8.3.1.jar;C:\Users\yuggo\.m2\repository\io\cucumber\datatable\3.3.1\datatable-3.3.1.jar;C:\Users\yuggo\.m2\repository\io\cucumber\cucumber-plugin\5.7.0\cucumber-plugin-5.7.0.jar;C:\Users\yuggo\.m2\repository\io\cucumber\docstring\5.7.0\docstring-5.7.0.jar;C:\Users\yuggo\.m2\repository\org\testng\testng\7.1.0\testng-7.1.0.jar;C:\Users\yuggo\.m2\repository\com\beust\jcommander\1.72\jcommander-1.72.jar;C:\Users\yuggo\.m2\repository\com\google\inject\guice\4.1.0\guice-4.1.0-no_aop.jar;C:\Users\yuggo\.m2\repository\javax\inject\javax.inject\1\javax.inject-1.jar;C:\Users\yuggo\.m2\repository\aopalliance\aopalliance\1.0\aopalliance-1.0.jar;C:\Users\yuggo\.m2\repository\com\google\guava\guava\19.0\guava-19.0.jar;C:\Users\yuggo\.m2\repository\io\cucumber\cucumber-java\5.7.0\cucumber-java-5.7.0.jar;C:\Users\yuggo\.m2\repository\io\rest-assured\rest-assured\4.3.3\rest-assured-4.3.3.jar;C:\Users\yuggo\.m2\repository\org\codehaus\groovy\groovy\3.0.7\groovy-3.0.7.jar;C:\Users\yuggo\.m2\repository\org\codehaus\groovy\groovy-xml\3.0.7\groovy-xml-3.0.7.jar;C:\Users\yuggo\.m2\repository\org\apache\httpcomponents\httpclient\4.5.3\httpclient-4.5.3.jar;C:\Users\yuggo\.m2\repository\org\apache\httpcomponents\httpcore\4.4.6\httpcore-4.4.6.jar;C:\Users\yuggo\.m2\repository\commons-logging\commons-logging\1.2\commons-logging-1.2.jar;C:\Users\yuggo\.m2\repository\commons-codec\commons-codec\1.9\commons-codec-1.9.jar;C:\Users\yuggo\.m2\repository\org\apache\httpcomponents\httpmime\4.5.3\httpmime-4.5.3.jar;C:\Users\yuggo\.m2\repository\org\hamcrest\hamcrest\2.1\hamcrest-2.1.jar;C:\Users\yuggo\.m2\repository\org\ccil\cowan\tagsoup\tagsoup\1.2.1\tagsoup-1.2.1.jar;C:\Users\yuggo\.m2\repository\io\rest-assured\json-path\4.3.3\json-path-4.3.3.jar;C:\Users\yuggo\.m2\repository\org\codehaus\groovy\groovy-json\3.0.7\groovy-json-3.0.7.jar;C:\Users\yuggo\.m2\repository\io\rest-assured\rest-assured-common\4.3.3\rest-assured-common-4.3.3.jar;C:\Users\yuggo\.m2\repository\io\rest-assured\xml-path\4.3.3\xml-path-4.3.3.jar;C:\Users\yuggo\.m2\repository\org\apache\commons\commons-lang3\3.11\commons-lang3-3.11.jar;C:\Users\yuggo\.m2\repository\com\sun\xml\bind\jaxb-impl\2.3.3\jaxb-impl-2.3.3.jar;C:\Users\yuggo\.m2\repository\org\springframework\boot\spring-boot-starter\2.5.2\spring-boot-starter-2.5.2.jar;C:\Users\yuggo\.m2\repository\org\springframework\boot\spring-boot\2.5.2\spring-boot-2.5.2.jar;C:\Users\yuggo\.m2\repository\org\springframework\spring-context\5.3.8\spring-context-5.3.8.jar;C:\Users\yuggo\.m2\repository\org\springframework\spring-aop\5.3.8\spring-aop-5.3.8.jar;C:\Users\yuggo\.m2\repository\org\springframework\spring-beans\5.3.8\spring-beans-5.3.8.jar;C:\Users\yuggo\.m2\repository\org\springframework\spring-expression\5.3.8\spring-expression-5.3.8.jar;C:\Users\yuggo\.m2\repository\org\springframework\boot\spring-boot-autoconfigure\2.5.2\spring-boot-autoconfigure-2.5.2.jar;C:\Users\yuggo\.m2\repository\org\springframework\boot\spring-boot-starter-logging\2.5.2\spring-boot-starter-logging-2.5.2.jar;C:\Users\yuggo\.m2\repository\ch\qos\logback\logback-classic\1.2.3\logback-classic-1.2.3.jar;C:\Users\yuggo\.m2\repository\ch\qos\logback\logback-core\1.2.3\logback-core-1.2.3.jar;C:\Users\yuggo\.m2\repository\org\apache\logging\log4j\log4j-to-slf4j\2.14.1\log4j-to-slf4j-2.14.1.jar;C:\Users\yuggo\.m2\repository\org\apache\logging\log4j\log4j-api\2.14.1\log4j-api-2.14.1.jar;C:\Users\yuggo\.m2\repository\org\slf4j\jul-to-slf4j\1.7.31\jul-to-slf4j-1.7.31.jar;C:\Users\yuggo\.m2\repository\jakarta\annotation\jakarta.annotation-api\1.3.5\jakarta.annotation-api-1.3.5.jar;C:\Users\yuggo\.m2\repository\org\springframework\spring-core\5.3.8\spring-core-5.3.8.jar;C:\Users\yuggo\.m2\repository\org\springframework\spring-jcl\5.3.8\spring-jcl-5.3.8.jar;C:\Users\yuggo\.m2\repository\org\yaml\snakeyaml\1.28\snakeyaml-1.28.jar;C:\Users\yuggo\.m2\repository\io\cucumber\cucumber-spring\6.9.1\cucumber-spring-6.9.1.jar;C:\Users\yuggo\.m2\repository\org\springframework\boot\spring-boot-starter-test\2.5.2\spring-boot-starter-test-2.5.2.jar;C:\Users\yuggo\.m2\repository\org\springframework\boot\spring-boot-test\2.5.2\spring-boot-test-2.5.2.jar;C:\Users\yuggo\.m2\repository\org\springframework\boot\spring-boot-test-autoconfigure\2.5.2\spring-boot-test-autoconfigure-2.5.2.jar;C:\Users\yuggo\.m2\repository\com\jayway\jsonpath\json-path\2.5.0\json-path-2.5.0.jar;C:\Users\yuggo\.m2\repository\net\minidev\json-smart\2.3\json-smart-2.3.jar;C:\Users\yuggo\.m2\repository\net\minidev\accessors-smart\1.2\accessors-smart-1.2.jar;C:\Users\yuggo\.m2\repository\org\ow2\asm\asm\5.0.4\asm-5.0.4.jar;C:\Users\yuggo\.m2\repository\jakarta\xml\bind\jakarta.xml.bind-api\2.3.3\jakarta.xml.bind-api-2.3.3.jar;C:\Users\yuggo\.m2\repository\jakarta\activation\jakarta.activation-api\1.2.2\jakarta.activation-api-1.2.2.jar;C:\Users\yuggo\.m2\repository\org\assertj\assertj-core\3.19.0\assertj-core-3.19.0.jar;C:\Users\yuggo\.m2\repository\org\junit\jupiter\junit-jupiter\5.7.2\junit-jupiter-5.7.2.jar;C:\Users\yuggo\.m2\repository\org\junit\jupiter\junit-jupiter-api\5.7.2\junit-jupiter-api-5.7.2.jar;C:\Users\yuggo\.m2\repository\org\opentest4j\opentest4j\1.2.0\opentest4j-1.2.0.jar;C:\Users\yuggo\.m2\repository\org\junit\platform\junit-platform-commons\1.7.2\junit-platform-commons-1.7.2.jar;C:\Users\yuggo\.m2\repository\org\junit\jupiter\junit-jupiter-params\5.7.2\junit-jupiter-params-5.7.2.jar;C:\Users\yuggo\.m2\repository\org\junit\jupiter\junit-jupiter-engine\5.7.2\junit-jupiter-engine-5.7.2.jar;C:\Users\yuggo\.m2\repository\org\junit\platform\junit-platform-engine\1.7.2\junit-platform-engine-1.7.2.jar;C:\Users\yuggo\.m2\repository\org\mockito\mockito-core\3.9.0\mockito-core-3.9.0.jar;C:\Users\yuggo\.m2\repository\net\bytebuddy\byte-buddy\1.10.20\byte-buddy-1.10.20.jar;C:\Users\yuggo\.m2\repository\net\bytebuddy\byte-buddy-agent\1.10.20\byte-buddy-agent-1.10.20.jar;C:\Users\yuggo\.m2\repository\org\objenesis\objenesis\3.2\objenesis-3.2.jar;C:\Users\yuggo\.m2\repository\org\mockito\mockito-junit-jupiter\3.9.0\mockito-junit-jupiter-3.9.0.jar;C:\Users\yuggo\.m2\repository\org\skyscreamer\jsonassert\1.5.0\jsonassert-1.5.0.jar;C:\Users\yuggo\.m2\repository\com\vaadin\external\google\android-json\0.0.20131108.vaadin1\android-json-0.0.20131108.vaadin1.jar;C:\Users\yuggo\.m2\repository\org\springframework\spring-test\5.3.8\spring-test-5.3.8.jar;C:\Users\yuggo\.m2\repository\org\xmlunit\xmlunit-core\2.8.2\xmlunit-core-2.8.2.jar;C:\Users\yuggo\.m2\repository\org\projectlombok\lombok\1.18.20\lombok-1.18.20.jar;"/>
    <property name="allure.results.directory" value="C:\Users\yuggo\IdeaProjects\allure-cucumber5-testng\target/allure-results"/>
    <property name="sun.cpu.endian" value="little"/>
    <property name="user.home" value="C:\Users\yuggo"/>
    <property name="user.language" value="pt"/>
    <property name="java.specification.vendor" value="Oracle Corporation"/>
    <property name="java.version.date" value="2021-01-19"/>
    <property name="java.home" value="C:\Program Files\Java\jdk-15.0.2"/>
    <property name="file.separator" value="\"/>
    <property name="basedir" value="C:\Users\yuggo\IdeaProjects\allure-cucumber5-testng"/>
    <property name="java.vm.compressedOopsMode" value="Zero based"/>
    <property name="line.separator" value="&#10;"/>
    <property name="java.vm.specification.vendor" value="Oracle Corporation"/>
    <property name="java.specification.name" value="Java Platform API Specification"/>
    <property name="surefire.real.class.path" value="C:\Users\yuggo\AppData\Local\Temp\surefire18269237768528553421\surefirebooter4083779219357761269.jar"/>
    <property name="user.script" value=""/>
    <property name="sun.management.compiler" value="HotSpot 64-Bit Tiered Compilers"/>
    <property name="java.runtime.version" value="15.0.2+7-27"/>
    <property name="user.name" value="yuggo"/>
    <property name="path.separator" value=";"/>
    <property name="os.version" value="10.0"/>
    <property name="java.runtime.name" value="Java(TM) SE Runtime Environment"/>
    <property name="file.encoding" value="UTF-8"/>
    <property name="java.vm.name" value="Java HotSpot(TM) 64-Bit Server VM"/>
    <property name="localRepository" value="C:\Users\yuggo\.m2\repository"/>
    <property name="java.vendor.url.bug" value="https://bugreport.java.com/bugreport/"/>
    <property name="java.io.tmpdir" value="C:\Users\yuggo\AppData\Local\Temp\"/>
    <property name="java.version" value="15.0.2"/>
    <property name="user.dir" value="C:\Users\yuggo\IdeaProjects\allure-cucumber5-testng"/>
    <property name="os.arch" value="amd64"/>
    <property name="java.vm.specification.name" value="Java Virtual Machine Specification"/>
    <property name="env" value="prod"/>
    <property name="sun.os.patch.level" value=""/>
    <property name="java.library.path" value="C:\Program Files\Java\jdk-15.0.2\bin;C:\Windows\Sun\Java\bin;C:\Windows\system32;C:\Windows;C:\Program Files\Common Files\Oracle\Java\javapath;C:\Program Files\Java\jdk1.8.0_291\bin;C:\Windows\system32;C:\Windows;C:\Windows\System32\Wbem;C:\Windows\System32\WindowsPowerShell\v1.0\;C:\Windows\System32\OpenSSH\;C:\Program Files (x86)\NVIDIA Corporation\PhysX\Common;C:\Program Files\NVIDIA Corporation\NVIDIA NvDLISR;C:\Program Files\Git\cmd;C:\Users\yuggo\scoop\shims;C:\Users\yuggo\go\bin;C:\Users\yuggo\scoop\shims;C:\Users\yuggo\AppData\Local\Microsoft\WindowsApps;C:\Program Files\JetBrains\IntelliJ IDEA 2021.1.3\bin;C:\Users\yuggo\AppData\Local\Programs\MicrosoftVSCode\bin;C:\Program Files\Java\jdk1.8.0_291\bin;C:\apache-maven-3.8.1\bin;;."/>
    <property name="java.vm.info" value="mixed mode, sharing"/>
    <property name="java.vendor" value="Oracle Corporation"/>
    <property name="java.vm.version" value="15.0.2+7-27"/>
    <property name="sun.io.unicode.encoding" value="UnicodeLittle"/>
    <property name="java.class.version" value="59.0"/>
  </properties>
  <testcase name="runScenario" classname="nasa.api.steps.CucumberTest" time="3.236">
    <failure message="Cannot invoke &quot;Object.getClass()&quot; because &quot;original&quot; is null" type="java.lang.NullPointerException">java.lang.NullPointerException: Cannot invoke "Object.getClass()" because "original" is null
</failure>
    <system-out><![CDATA[19:50:43.892 [main] DEBUG org.springframework.test.context.BootstrapUtils - Instantiating CacheAwareContextLoaderDelegate from class [org.springframework.test.context.cache.DefaultCacheAwareContextLoaderDelegate]
19:50:43.903 [main] DEBUG org.springframework.test.context.BootstrapUtils - Instantiating BootstrapContext using constructor [public org.springframework.test.context.support.DefaultBootstrapContext(java.lang.Class,org.springframework.test.context.CacheAwareContextLoaderDelegate)]
19:50:43.922 [main] DEBUG org.springframework.test.context.BootstrapUtils - Instantiating TestContextBootstrapper for test class [nasa.api.steps.CucumberTest] from class [org.springframework.test.context.support.DefaultTestContextBootstrapper]
19:50:43.941 [main] DEBUG org.springframework.test.context.support.AbstractDelegatingSmartContextLoader - Delegating to AnnotationConfigContextLoader to process context configuration [ContextConfigurationAttributes@2484f433 declaringClass = 'nasa.api.steps.CucumberTest', classes = '{class core.ScenarioContext, class taf.cucumber.spring.Config}', locations = '{}', inheritLocations = true, initializers = '{}', inheritInitializers = true, name = [null], contextLoaderClass = 'org.springframework.test.context.ContextLoader'].
19:50:43.978 [main] DEBUG org.springframework.test.context.support.ActiveProfilesUtils - Could not find an 'annotation declaring class' for annotation type [org.springframework.test.context.ActiveProfiles] and class [nasa.api.steps.CucumberTest]
19:50:43.978 [main] DEBUG org.springframework.test.context.support.DefaultTestContextBootstrapper - @TestExecutionListeners is not present for class [nasa.api.steps.CucumberTest]: using defaults.
19:50:43.979 [main] INFO org.springframework.test.context.support.DefaultTestContextBootstrapper - Loaded default TestExecutionListener class names from location [META-INF/spring.factories]: [org.springframework.boot.test.mock.mockito.MockitoTestExecutionListener, org.springframework.boot.test.mock.mockito.ResetMocksTestExecutionListener, org.springframework.boot.test.autoconfigure.restdocs.RestDocsTestExecutionListener, org.springframework.boot.test.autoconfigure.web.client.MockRestServiceServerResetTestExecutionListener, org.springframework.boot.test.autoconfigure.web.servlet.MockMvcPrintOnlyOnFailureTestExecutionListener, org.springframework.boot.test.autoconfigure.web.servlet.WebDriverTestExecutionListener, org.springframework.boot.test.autoconfigure.webservices.client.MockWebServiceServerTestExecutionListener, org.springframework.test.context.web.ServletTestExecutionListener, org.springframework.test.context.support.DirtiesContextBeforeModesTestExecutionListener, org.springframework.test.context.event.ApplicationEventsTestExecutionListener, org.springframework.test.context.support.DependencyInjectionTestExecutionListener, org.springframework.test.context.support.DirtiesContextTestExecutionListener, org.springframework.test.context.transaction.TransactionalTestExecutionListener, org.springframework.test.context.jdbc.SqlScriptsTestExecutionListener, org.springframework.test.context.event.EventPublishingTestExecutionListener]
19:50:43.985 [main] DEBUG org.springframework.test.context.support.DefaultTestContextBootstrapper - Skipping candidate TestExecutionListener [org.springframework.test.context.web.ServletTestExecutionListener] due to a missing dependency. Specify custom listener classes or make the default listener classes and their required dependencies available. Offending class: [javax/servlet/ServletContext]
19:50:43.986 [main] DEBUG org.springframework.test.context.support.DefaultTestContextBootstrapper - Skipping candidate TestExecutionListener [org.springframework.test.context.transaction.TransactionalTestExecutionListener] due to a missing dependency. Specify custom listener classes or make the default listener classes and their required dependencies available. Offending class: [org/springframework/transaction/interceptor/TransactionAttributeSource]
19:50:43.987 [main] DEBUG org.springframework.test.context.support.DefaultTestContextBootstrapper - Skipping candidate TestExecutionListener [org.springframework.test.context.jdbc.SqlScriptsTestExecutionListener] due to a missing dependency. Specify custom listener classes or make the default listener classes and their required dependencies available. Offending class: [org/springframework/transaction/interceptor/TransactionAttribute]
19:50:43.987 [main] INFO org.springframework.test.context.support.DefaultTestContextBootstrapper - Using TestExecutionListeners: [org.springframework.test.context.support.DirtiesContextBeforeModesTestExecutionListener@1095f122, org.springframework.test.context.event.ApplicationEventsTestExecutionListener@58c540cf, org.springframework.boot.test.mock.mockito.MockitoTestExecutionListener@3d6300e8, org.springframework.test.context.support.DependencyInjectionTestExecutionListener@1b822fcc, org.springframework.test.context.support.DirtiesContextTestExecutionListener@24a1c17f, org.springframework.test.context.event.EventPublishingTestExecutionListener@56102e1c, org.springframework.boot.test.mock.mockito.ResetMocksTestExecutionListener@73511076, org.springframework.boot.test.autoconfigure.restdocs.RestDocsTestExecutionListener@7927bd9f, org.springframework.boot.test.autoconfigure.web.client.MockRestServiceServerResetTestExecutionListener@532721fd, org.springframework.boot.test.autoconfigure.web.servlet.MockMvcPrintOnlyOnFailureTestExecutionListener@410954b, org.springframework.boot.test.autoconfigure.web.servlet.WebDriverTestExecutionListener@7fb9f71f, org.springframework.boot.test.autoconfigure.webservices.client.MockWebServiceServerTestExecutionListener@3b366632]
19:50:43.989 [main] DEBUG org.springframework.test.context.support.AbstractDelegatingSmartContextLoader - Delegating to AnnotationConfigContextLoader to load context from [MergedContextConfiguration@5f7f2382 testClass = CucumberTest, locations = '{}', classes = '{class core.ScenarioContext, class taf.cucumber.spring.Config}', contextInitializerClasses = '[]', activeProfiles = '{}', propertySourceLocations = '{}', propertySourceProperties = '{}', contextCustomizers = set[org.springframework.boot.test.context.filter.ExcludeFilterContextCustomizer@7997b197, org.springframework.boot.test.json.DuplicateJsonObjectContextCustomizerFactory$DuplicateJsonObjectContextCustomizer@55f3c410, org.springframework.boot.test.mock.mockito.MockitoContextCustomizer@0, org.springframework.boot.test.autoconfigure.actuate.metrics.MetricsExportContextCustomizerFactory$DisableMetricExportContextCustomizer@49f5c307, org.springframework.boot.test.autoconfigure.properties.PropertyMappingContextCustomizer@0, org.springframework.boot.test.autoconfigure.web.servlet.WebDriverContextCustomizerFactory$Customizer@64712be], contextLoader = 'org.springframework.test.context.support.DelegatingSmartContextLoader', parent = [null]].
19:50:43.989 [main] DEBUG org.springframework.test.context.support.AbstractGenericContextLoader - Loading ApplicationContext for merged context configuration [[MergedContextConfiguration@5f7f2382 testClass = CucumberTest, locations = '{}', classes = '{class core.ScenarioContext, class taf.cucumber.spring.Config}', contextInitializerClasses = '[]', activeProfiles = '{}', propertySourceLocations = '{}', propertySourceProperties = '{}', contextCustomizers = set[org.springframework.boot.test.context.filter.ExcludeFilterContextCustomizer@7997b197, org.springframework.boot.test.json.DuplicateJsonObjectContextCustomizerFactory$DuplicateJsonObjectContextCustomizer@55f3c410, org.springframework.boot.test.mock.mockito.MockitoContextCustomizer@0, org.springframework.boot.test.autoconfigure.actuate.metrics.MetricsExportContextCustomizerFactory$DisableMetricExportContextCustomizer@49f5c307, org.springframework.boot.test.autoconfigure.properties.PropertyMappingContextCustomizer@0, org.springframework.boot.test.autoconfigure.web.servlet.WebDriverContextCustomizerFactory$Customizer@64712be], contextLoader = 'org.springframework.test.context.support.DelegatingSmartContextLoader', parent = [null]]].
19:50:44.017 [main] DEBUG org.springframework.core.env.StandardEnvironment - Activating profiles []
19:50:44.017 [main] DEBUG org.springframework.test.context.support.AnnotationConfigContextLoader - Registering component classes: {class core.ScenarioContext, class taf.cucumber.spring.Config}
19:50:44.047 [main] DEBUG org.springframework.context.support.GenericApplicationContext - Refreshing org.springframework.context.support.GenericApplicationContext@22c01ab0
19:50:44.057 [main] DEBUG org.springframework.beans.factory.support.DefaultListableBeanFactory - Creating shared instance of singleton bean 'org.springframework.context.annotation.internalConfigurationAnnotationProcessor'
19:50:44.088 [main] DEBUG org.springframework.core.env.PropertySourcesPropertyResolver - Found key 'env' in PropertySource 'configurationProperties' with value of type String
19:50:44.116 [main] DEBUG org.springframework.context.annotation.ClassPathBeanDefinitionScanner - Identified candidate component class: file [C:\Users\yuggo\IdeaProjects\allure-cucumber5-testng\target\classes\taf\cucumber\spring\SpringTestApp.class]
19:50:44.397 [main] DEBUG org.springframework.beans.factory.support.DefaultListableBeanFactory - Creating shared instance of singleton bean 'propertySourcesPlaceholderConfigurer'
19:50:44.402 [main] DEBUG org.springframework.beans.factory.support.DefaultListableBeanFactory - Creating shared instance of singleton bean 'org.springframework.boot.test.mock.mockito.MockitoPostProcessor'
19:50:44.409 [main] DEBUG org.springframework.beans.factory.support.DefaultListableBeanFactory - Creating shared instance of singleton bean 'org.springframework.boot.sql.init.dependency.DatabaseInitializationDependencyConfigurer$DependsOnDatabaseInitializationPostProcessor'
19:50:44.420 [main] DEBUG org.springframework.beans.factory.support.DefaultListableBeanFactory - Creating shared instance of singleton bean 'org.springframework.context.event.internalEventListenerProcessor'
19:50:44.421 [main] DEBUG org.springframework.beans.factory.support.DefaultListableBeanFactory - Creating shared instance of singleton bean 'org.springframework.context.event.internalEventListenerFactory'
19:50:44.423 [main] DEBUG org.springframework.beans.factory.support.DefaultListableBeanFactory - Creating shared instance of singleton bean 'org.springframework.context.annotation.internalAutowiredAnnotationProcessor'
19:50:44.424 [main] DEBUG org.springframework.beans.factory.support.DefaultListableBeanFactory - Creating shared instance of singleton bean 'org.springframework.context.annotation.internalCommonAnnotationProcessor'
19:50:44.427 [main] DEBUG org.springframework.beans.factory.support.DefaultListableBeanFactory - Creating shared instance of singleton bean 'org.springframework.boot.test.mock.mockito.MockitoPostProcessor$SpyPostProcessor'
19:50:44.427 [main] DEBUG org.springframework.beans.factory.support.DefaultListableBeanFactory - Creating shared instance of singleton bean 'org.springframework.boot.context.properties.ConfigurationPropertiesBindingPostProcessor'
19:50:44.428 [main] DEBUG org.springframework.beans.factory.support.DefaultListableBeanFactory - Creating shared instance of singleton bean 'org.springframework.boot.context.internalConfigurationPropertiesBinder'
19:50:44.428 [main] DEBUG org.springframework.beans.factory.support.DefaultListableBeanFactory - Creating shared instance of singleton bean 'org.springframework.boot.context.internalConfigurationPropertiesBinderFactory'
19:50:44.429 [main] DEBUG org.springframework.beans.factory.support.DefaultListableBeanFactory - Creating shared instance of singleton bean 'org.springframework.aop.config.internalAutoProxyCreator'
19:50:44.466 [main] DEBUG org.springframework.beans.factory.support.DefaultListableBeanFactory - Creating shared instance of singleton bean 'scenarioContext'
19:50:44.471 [main] DEBUG org.springframework.beans.factory.support.DefaultListableBeanFactory - Creating shared instance of singleton bean 'config'
19:50:44.472 [main] DEBUG org.springframework.beans.factory.support.DefaultListableBeanFactory - Creating shared instance of singleton bean 'springTestApp'
19:50:44.475 [main] DEBUG org.springframework.beans.factory.support.DefaultListableBeanFactory - Creating shared instance of singleton bean 'org.springframework.boot.autoconfigure.AutoConfigurationPackages'
19:50:44.476 [main] DEBUG org.springframework.beans.factory.support.DefaultListableBeanFactory - Creating shared instance of singleton bean 'org.springframework.boot.autoconfigure.context.PropertyPlaceholderAutoConfiguration'
19:50:44.477 [main] DEBUG org.springframework.beans.factory.support.DefaultListableBeanFactory - Creating shared instance of singleton bean 'org.springframework.boot.autoconfigure.aop.AopAutoConfiguration$AspectJAutoProxyingConfiguration$CglibAutoProxyConfiguration'
19:50:44.478 [main] DEBUG org.springframework.beans.factory.support.DefaultListableBeanFactory - Creating shared instance of singleton bean 'org.springframework.boot.autoconfigure.aop.AopAutoConfiguration$AspectJAutoProxyingConfiguration'
19:50:44.479 [main] DEBUG org.springframework.beans.factory.support.DefaultListableBeanFactory - Creating shared instance of singleton bean 'org.springframework.boot.autoconfigure.aop.AopAutoConfiguration'
19:50:44.480 [main] DEBUG org.springframework.beans.factory.support.DefaultListableBeanFactory - Creating shared instance of singleton bean 'org.springframework.boot.autoconfigure.availability.ApplicationAvailabilityAutoConfiguration'
19:50:44.484 [main] DEBUG org.springframework.beans.factory.support.DefaultListableBeanFactory - Creating shared instance of singleton bean 'applicationAvailability'
19:50:44.490 [main] DEBUG org.springframework.beans.factory.support.DefaultListableBeanFactory - Creating shared instance of singleton bean 'org.springframework.boot.autoconfigure.jackson.JacksonAutoConfiguration'
19:50:44.491 [main] DEBUG org.springframework.beans.factory.support.DefaultListableBeanFactory - Creating shared instance of singleton bean 'jsonComponentModule'
19:50:44.500 [main] DEBUG org.springframework.beans.factory.support.DefaultListableBeanFactory - Creating shared instance of singleton bean 'org.springframework.boot.autoconfigure.context.ConfigurationPropertiesAutoConfiguration'
19:50:44.501 [main] DEBUG org.springframework.beans.factory.support.DefaultListableBeanFactory - Creating shared instance of singleton bean 'org.springframework.boot.context.properties.BoundConfigurationProperties'
19:50:44.502 [main] DEBUG org.springframework.beans.factory.support.DefaultListableBeanFactory - Creating shared instance of singleton bean 'org.springframework.boot.context.properties.EnableConfigurationPropertiesRegistrar.methodValidationExcludeFilter'
19:50:44.504 [main] DEBUG org.springframework.beans.factory.support.DefaultListableBeanFactory - Creating shared instance of singleton bean 'org.springframework.boot.autoconfigure.context.LifecycleAutoConfiguration'
19:50:44.505 [main] DEBUG org.springframework.beans.factory.support.DefaultListableBeanFactory - Creating shared instance of singleton bean 'lifecycleProcessor'
19:50:44.506 [main] DEBUG org.springframework.beans.factory.support.DefaultListableBeanFactory - Creating shared instance of singleton bean 'spring.lifecycle-org.springframework.boot.autoconfigure.context.LifecycleProperties'
19:50:44.517 [main] DEBUG org.springframework.beans.factory.support.DefaultListableBeanFactory - Autowiring by type from bean name 'lifecycleProcessor' via factory method to bean named 'spring.lifecycle-org.springframework.boot.autoconfigure.context.LifecycleProperties'
19:50:44.520 [main] DEBUG org.springframework.beans.factory.support.DefaultListableBeanFactory - Creating shared instance of singleton bean 'org.springframework.boot.autoconfigure.info.ProjectInfoAutoConfiguration'
19:50:44.522 [main] DEBUG org.springframework.beans.factory.support.DefaultListableBeanFactory - Creating shared instance of singleton bean 'spring.info-org.springframework.boot.autoconfigure.info.ProjectInfoProperties'
19:50:44.524 [main] DEBUG org.springframework.beans.factory.support.DefaultListableBeanFactory - Autowiring by type from bean name 'org.springframework.boot.autoconfigure.info.ProjectInfoAutoConfiguration' via constructor to bean named 'spring.info-org.springframework.boot.autoconfigure.info.ProjectInfoProperties'
19:50:44.525 [main] DEBUG org.springframework.beans.factory.support.DefaultListableBeanFactory - Creating shared instance of singleton bean 'org.springframework.boot.autoconfigure.sql.init.SqlInitializationAutoConfiguration'
19:50:44.526 [main] DEBUG org.springframework.beans.factory.support.DefaultListableBeanFactory - Creating shared instance of singleton bean 'spring.sql.init-org.springframework.boot.autoconfigure.sql.init.SqlInitializationProperties'
19:50:44.530 [main] DEBUG org.springframework.beans.factory.support.DefaultListableBeanFactory - Creating shared instance of singleton bean 'org.springframework.boot.autoconfigure.task.TaskExecutionAutoConfiguration'
19:50:44.533 [main] DEBUG org.springframework.beans.factory.support.DefaultListableBeanFactory - Creating shared instance of singleton bean 'taskExecutorBuilder'
19:50:44.533 [main] DEBUG org.springframework.beans.factory.support.DefaultListableBeanFactory - Creating shared instance of singleton bean 'spring.task.execution-org.springframework.boot.autoconfigure.task.TaskExecutionProperties'
19:50:44.537 [main] DEBUG org.springframework.beans.factory.support.DefaultListableBeanFactory - Autowiring by type from bean name 'taskExecutorBuilder' via factory method to bean named 'spring.task.execution-org.springframework.boot.autoconfigure.task.TaskExecutionProperties'
19:50:44.546 [main] DEBUG org.springframework.beans.factory.support.DefaultListableBeanFactory - Creating shared instance of singleton bean 'org.springframework.boot.autoconfigure.task.TaskSchedulingAutoConfiguration'
19:50:44.549 [main] DEBUG org.springframework.beans.factory.support.DefaultListableBeanFactory - Creating shared instance of singleton bean 'scheduledBeanLazyInitializationExcludeFilter'
19:50:44.551 [main] DEBUG org.springframework.beans.factory.support.DefaultListableBeanFactory - Creating shared instance of singleton bean 'taskSchedulerBuilder'
19:50:44.552 [main] DEBUG org.springframework.beans.factory.support.DefaultListableBeanFactory - Creating shared instance of singleton bean 'spring.task.scheduling-org.springframework.boot.autoconfigure.task.TaskSchedulingProperties'
19:50:44.555 [main] DEBUG org.springframework.beans.factory.support.DefaultListableBeanFactory - Autowiring by type from bean name 'taskSchedulerBuilder' via factory method to bean named 'spring.task.scheduling-org.springframework.boot.autoconfigure.task.TaskSchedulingProperties'
19:50:44.564 [main] DEBUG org.springframework.test.context.cache.DefaultCacheAwareContextLoaderDelegate - Storing ApplicationContext [583015088] in cache under key [[MergedContextConfiguration@5f7f2382 testClass = CucumberTest, locations = '{}', classes = '{class core.ScenarioContext, class taf.cucumber.spring.Config}', contextInitializerClasses = '[]', activeProfiles = '{}', propertySourceLocations = '{}', propertySourceProperties = '{}', contextCustomizers = set[org.springframework.boot.test.context.filter.ExcludeFilterContextCustomizer@7997b197, org.springframework.boot.test.json.DuplicateJsonObjectContextCustomizerFactory$DuplicateJsonObjectContextCustomizer@55f3c410, org.springframework.boot.test.mock.mockito.MockitoContextCustomizer@0, org.springframework.boot.test.autoconfigure.actuate.metrics.MetricsExportContextCustomizerFactory$DisableMetricExportContextCustomizer@49f5c307, org.springframework.boot.test.autoconfigure.properties.PropertyMappingContextCustomizer@0, org.springframework.boot.test.autoconfigure.web.servlet.WebDriverContextCustomizerFactory$Customizer@64712be], contextLoader = 'org.springframework.test.context.support.DelegatingSmartContextLoader', parent = [null]]]
19:50:44.564 [main] DEBUG org.springframework.test.context.cache - Spring test ApplicationContext cache statistics: [DefaultContextCache@3062f9f4 size = 1, maxSize = 32, parentContextCount = 0, hitCount = 0, missCount = 1]
19:50:44.566 [main] DEBUG org.springframework.test.context.support.AbstractDirtiesContextTestExecutionListener - Before test class: context [DefaultTestContext@78c1372d testClass = CucumberTest, testInstance = [null], testMethod = [null], testException = [null], mergedContextConfiguration = [MergedContextConfiguration@5f7f2382 testClass = CucumberTest, locations = '{}', classes = '{class core.ScenarioContext, class taf.cucumber.spring.Config}', contextInitializerClasses = '[]', activeProfiles = '{}', propertySourceLocations = '{}', propertySourceProperties = '{}', contextCustomizers = set[org.springframework.boot.test.context.filter.ExcludeFilterContextCustomizer@7997b197, org.springframework.boot.test.json.DuplicateJsonObjectContextCustomizerFactory$DuplicateJsonObjectContextCustomizer@55f3c410, org.springframework.boot.test.mock.mockito.MockitoContextCustomizer@0, org.springframework.boot.test.autoconfigure.actuate.metrics.MetricsExportContextCustomizerFactory$DisableMetricExportContextCustomizer@49f5c307, org.springframework.boot.test.autoconfigure.properties.PropertyMappingContextCustomizer@0, org.springframework.boot.test.autoconfigure.web.servlet.WebDriverContextCustomizerFactory$Customizer@64712be], contextLoader = 'org.springframework.test.context.support.DelegatingSmartContextLoader', parent = [null]], attributes = map[[empty]]], class annotated with @DirtiesContext [false] with mode [null].
19:50:44.567 [main] DEBUG org.springframework.test.context.cache.DefaultCacheAwareContextLoaderDelegate - Retrieved ApplicationContext [583015088] from cache with key [[MergedContextConfiguration@5f7f2382 testClass = CucumberTest, locations = '{}', classes = '{class core.ScenarioContext, class taf.cucumber.spring.Config}', contextInitializerClasses = '[]', activeProfiles = '{}', propertySourceLocations = '{}', propertySourceProperties = '{}', contextCustomizers = set[org.springframework.boot.test.context.filter.ExcludeFilterContextCustomizer@7997b197, org.springframework.boot.test.json.DuplicateJsonObjectContextCustomizerFactory$DuplicateJsonObjectContextCustomizer@55f3c410, org.springframework.boot.test.mock.mockito.MockitoContextCustomizer@0, org.springframework.boot.test.autoconfigure.actuate.metrics.MetricsExportContextCustomizerFactory$DisableMetricExportContextCustomizer@49f5c307, org.springframework.boot.test.autoconfigure.properties.PropertyMappingContextCustomizer@0, org.springframework.boot.test.autoconfigure.web.servlet.WebDriverContextCustomizerFactory$Customizer@64712be], contextLoader = 'org.springframework.test.context.support.DelegatingSmartContextLoader', parent = [null]]]
19:50:44.567 [main] DEBUG org.springframework.test.context.cache - Spring test ApplicationContext cache statistics: [DefaultContextCache@3062f9f4 size = 1, maxSize = 32, parentContextCount = 0, hitCount = 1, missCount = 1]
19:50:44.663 [main] DEBUG org.springframework.core.env.PropertySourcesPropertyResolver - Found key 'url' in PropertySource 'configurationProperties' with value of type String
19:50:44.663 [main] DEBUG org.springframework.core.env.PropertySourcesPropertyResolver - Found key 'url' in PropertySource 'environmentProperties' with value of type String
19:50:44.672 [main] DEBUG org.springframework.core.env.PropertySourcesPropertyResolver - Found key 'url' in PropertySource 'configurationProperties' with value of type String
19:50:44.672 [main] DEBUG org.springframework.core.env.PropertySourcesPropertyResolver - Found key 'url' in PropertySource 'environmentProperties' with value of type String
19:50:45.545 [main] DEBUG org.apache.http.impl.conn.BasicClientConnectionManager - Get connection for route {s}->https://api.nasa.gov:443
19:50:45.598 [main] DEBUG org.apache.http.impl.conn.DefaultClientConnectionOperator - Connecting to api.nasa.gov:443
19:50:46.377 [main] DEBUG org.apache.http.client.protocol.RequestAddCookies - CookieSpec selected: ignoreCookies
19:50:46.378 [main] DEBUG org.apache.http.client.protocol.RequestAuthCache - Auth cache not set in the context
19:50:46.378 [main] DEBUG org.apache.http.client.protocol.RequestTargetAuthentication - Target auth state: UNCHALLENGED
19:50:46.378 [main] DEBUG org.apache.http.client.protocol.RequestProxyAuthentication - Proxy auth state: UNCHALLENGED
19:50:46.378 [main] DEBUG org.apache.http.impl.client.DefaultHttpClient - Attempt 1 to execute request
19:50:46.378 [main] DEBUG org.apache.http.impl.conn.DefaultClientConnection - Sending request: GET /mars-photos/api/v1/rovers/curiosity/photos?sol=1000&api_key HTTP/1.1
19:50:46.379 [main] DEBUG org.apache.http.wire -  >> "GET /mars-photos/api/v1/rovers/curiosity/photos?sol=1000&api_key HTTP/1.1[\r][\n]"
19:50:46.379 [main] DEBUG org.apache.http.wire -  >> "Accept: */*[\r][\n]"
19:50:46.379 [main] DEBUG org.apache.http.wire -  >> "Host: api.nasa.gov[\r][\n]"
19:50:46.379 [main] DEBUG org.apache.http.wire -  >> "Connection: Keep-Alive[\r][\n]"
19:50:46.379 [main] DEBUG org.apache.http.wire -  >> "User-Agent: Apache-HttpClient/4.5.3 (Java/15.0.2)[\r][\n]"
19:50:46.379 [main] DEBUG org.apache.http.wire -  >> "Accept-Encoding: gzip,deflate[\r][\n]"
19:50:46.380 [main] DEBUG org.apache.http.wire -  >> "[\r][\n]"
19:50:46.380 [main] DEBUG org.apache.http.headers - >> GET /mars-photos/api/v1/rovers/curiosity/photos?sol=1000&api_key HTTP/1.1
19:50:46.380 [main] DEBUG org.apache.http.headers - >> Accept: */*
19:50:46.380 [main] DEBUG org.apache.http.headers - >> Host: api.nasa.gov
19:50:46.380 [main] DEBUG org.apache.http.headers - >> Connection: Keep-Alive
19:50:46.380 [main] DEBUG org.apache.http.headers - >> User-Agent: Apache-HttpClient/4.5.3 (Java/15.0.2)
19:50:46.380 [main] DEBUG org.apache.http.headers - >> Accept-Encoding: gzip,deflate
19:50:46.567 [main] DEBUG org.apache.http.wire -  << "HTTP/1.1 403 Forbidden[\r][\n]"
19:50:46.570 [main] DEBUG org.apache.http.wire -  << "Date: Fri, 06 Aug 2021 22:50:45 GMT[\r][\n]"
19:50:46.571 [main] DEBUG org.apache.http.wire -  << "Content-Type: application/json[\r][\n]"
19:50:46.571 [main] DEBUG org.apache.http.wire -  << "Transfer-Encoding: chunked[\r][\n]"
19:50:46.571 [main] DEBUG org.apache.http.wire -  << "Connection: keep-alive[\r][\n]"
19:50:46.571 [main] DEBUG org.apache.http.wire -  << "Vary: Accept-Encoding[\r][\n]"
19:50:46.571 [main] DEBUG org.apache.http.wire -  << "Access-Control-Allow-Origin: *[\r][\n]"
19:50:46.571 [main] DEBUG org.apache.http.wire -  << "X-Cache: MISS[\r][\n]"
19:50:46.571 [main] DEBUG org.apache.http.wire -  << "Strict-Transport-Security: max-age=31536000; preload[\r][\n]"
19:50:46.571 [main] DEBUG org.apache.http.wire -  << "Content-Encoding: gzip[\r][\n]"
19:50:46.571 [main] DEBUG org.apache.http.wire -  << "[\r][\n]"
19:50:46.571 [main] DEBUG org.apache.http.impl.conn.DefaultClientConnection - Receiving response: HTTP/1.1 403 Forbidden
19:50:46.571 [main] DEBUG org.apache.http.headers - << HTTP/1.1 403 Forbidden
19:50:46.571 [main] DEBUG org.apache.http.headers - << Date: Fri, 06 Aug 2021 22:50:45 GMT
19:50:46.571 [main] DEBUG org.apache.http.headers - << Content-Type: application/json
19:50:46.571 [main] DEBUG org.apache.http.headers - << Transfer-Encoding: chunked
19:50:46.571 [main] DEBUG org.apache.http.headers - << Connection: keep-alive
19:50:46.571 [main] DEBUG org.apache.http.headers - << Vary: Accept-Encoding
19:50:46.571 [main] DEBUG org.apache.http.headers - << Access-Control-Allow-Origin: *
19:50:46.571 [main] DEBUG org.apache.http.headers - << X-Cache: MISS
19:50:46.571 [main] DEBUG org.apache.http.headers - << Strict-Transport-Security: max-age=31536000; preload
19:50:46.571 [main] DEBUG org.apache.http.headers - << Content-Encoding: gzip
19:50:46.574 [main] DEBUG org.apache.http.impl.client.DefaultHttpClient - Connection can be kept alive indefinitely
19:50:46.586 [main] DEBUG io.restassured.internal.RequestSpecificationImpl$RestAssuredHttpBuilder - Parsing response as: application/json
19:50:46.586 [main] DEBUG org.apache.http.wire -  << "88[\r][\n]"
19:50:46.586 [main] DEBUG org.apache.http.wire -  << "[0x1f][0x8b][0x8][0x0][0x0][0x0][0x0][0x0][0x0][0x3][0xab][0xe6]RPPJ-*[0xca]/R[0xb2]R[0xa8][0x6]r[0x80][0xdc][0xe4][0xfc][0x94]T O[0xc9]1[0xc0]3[0xde][0xdb]52[0xde][0xd7]38[0xd8][0xd3][0xcf]]I[0x7]"[0x9d][0x9b]Z\[0x9c][0x98][0xe]V[0xe1][0x97][0xaf][0x90]X[0x90][0x19][0x9f][0x9d]Z[0xa9]P[0x9e]X[0xac]P\ZP[0x90][0x93][0x99][0x9a][0xa2][0xa7][0xe0][0x9e]Z[0xa2][0x90][0x9f][0x97][0xaa][0x90]X[0xa2][0x90]QRRPl[0xa5][0xaf][0xf]T[0xa8][0x97][0x97]X[0x9c][0xa8][0x97][0x9e]_febb[0xac][0x4]4[0xad][0x96][0xab][0x16][0x0]#;[0xb3]([0x81][0x0][0x0][0x0]"
19:50:46.586 [main] DEBUG org.apache.http.wire -  << "[\r][\n]"
19:50:46.587 [main] DEBUG org.apache.http.wire -  << "0[\r][\n]"
19:50:46.587 [main] DEBUG org.apache.http.wire -  << "[\r][\n]"
19:50:46.587 [main] DEBUG io.restassured.internal.RequestSpecificationImpl$RestAssuredHttpBuilder - Parsed data to instance of: class org.apache.http.conn.EofSensorInputStream
19:50:46.616 [main] DEBUG org.apache.http.impl.conn.BasicClientConnectionManager - Releasing connection org.apache.http.impl.conn.ManagedClientConnectionImpl@4751cd3
19:50:46.616 [main] DEBUG org.apache.http.impl.conn.BasicClientConnectionManager - Connection can be kept alive indefinitely
&amp#27;[31mF&amp#27;[0m&amp#27;[36m-&amp#27;[0m19:50:47.001 [main] DEBUG org.springframework.test.context.cache.DefaultCacheAwareContextLoaderDelegate - Retrieved ApplicationContext [583015088] from cache with key [[MergedContextConfiguration@5f7f2382 testClass = CucumberTest, locations = '{}', classes = '{class core.ScenarioContext, class taf.cucumber.spring.Config}', contextInitializerClasses = '[]', activeProfiles = '{}', propertySourceLocations = '{}', propertySourceProperties = '{}', contextCustomizers = set[org.springframework.boot.test.context.filter.ExcludeFilterContextCustomizer@7997b197, org.springframework.boot.test.json.DuplicateJsonObjectContextCustomizerFactory$DuplicateJsonObjectContextCustomizer@55f3c410, org.springframework.boot.test.mock.mockito.MockitoContextCustomizer@0, org.springframework.boot.test.autoconfigure.actuate.metrics.MetricsExportContextCustomizerFactory$DisableMetricExportContextCustomizer@49f5c307, org.springframework.boot.test.autoconfigure.properties.PropertyMappingContextCustomizer@0, org.springframework.boot.test.autoconfigure.web.servlet.WebDriverContextCustomizerFactory$Customizer@64712be], contextLoader = 'org.springframework.test.context.support.DelegatingSmartContextLoader', parent = [null]]]
19:50:47.001 [main] DEBUG org.springframework.test.context.cache - Spring test ApplicationContext cache statistics: [DefaultContextCache@3062f9f4 size = 1, maxSize = 32, parentContextCount = 0, hitCount = 2, missCount = 1]
19:50:47.002 [main] DEBUG org.springframework.test.context.support.AbstractDirtiesContextTestExecutionListener - After test class: context [DefaultTestContext@78c1372d testClass = CucumberTest, testInstance = [null], testMethod = [null], testException = [null], mergedContextConfiguration = [MergedContextConfiguration@5f7f2382 testClass = CucumberTest, locations = '{}', classes = '{class core.ScenarioContext, class taf.cucumber.spring.Config}', contextInitializerClasses = '[]', activeProfiles = '{}', propertySourceLocations = '{}', propertySourceProperties = '{}', contextCustomizers = set[org.springframework.boot.test.context.filter.ExcludeFilterContextCustomizer@7997b197, org.springframework.boot.test.json.DuplicateJsonObjectContextCustomizerFactory$DuplicateJsonObjectContextCustomizer@55f3c410, org.springframework.boot.test.mock.mockito.MockitoContextCustomizer@0, org.springframework.boot.test.autoconfigure.actuate.metrics.MetricsExportContextCustomizerFactory$DisableMetricExportContextCustomizer@49f5c307, org.springframework.boot.test.autoconfigure.properties.PropertyMappingContextCustomizer@0, org.springframework.boot.test.autoconfigure.web.servlet.WebDriverContextCustomizerFactory$Customizer@64712be], contextLoader = 'org.springframework.test.context.support.DelegatingSmartContextLoader', parent = [null]], attributes = map[[empty]]], class annotated with @DirtiesContext [false] with mode [null].
]]></system-out>
    <system-err><![CDATA[ago. 06, 2021 7:50:43 PM io.cucumber.testng.TestNGCucumberRunner <init>
WARNING: By default Cucumber is running in --non-strict mode.
This default will change to --strict and --non-strict will be removed.
You can use --strict or @CucumberOptions(strict = true) to suppress this warning
]]></system-err>
  </testcase>
  <testcase name="runScenario" classname="nasa.api.steps.CucumberTest" time="0.945">
    <failure message="Cannot invoke &quot;Object.getClass()&quot; because &quot;original&quot; is null" type="java.lang.NullPointerException">java.lang.NullPointerException: Cannot invoke "Object.getClass()" because "original" is null
</failure>
    <system-out><![CDATA[19:50:47.008 [main] DEBUG org.springframework.test.context.BootstrapUtils - Instantiating CacheAwareContextLoaderDelegate from class [org.springframework.test.context.cache.DefaultCacheAwareContextLoaderDelegate]
19:50:47.008 [main] DEBUG org.springframework.test.context.BootstrapUtils - Instantiating BootstrapContext using constructor [public org.springframework.test.context.support.DefaultBootstrapContext(java.lang.Class,org.springframework.test.context.CacheAwareContextLoaderDelegate)]
19:50:47.008 [main] DEBUG org.springframework.test.context.BootstrapUtils - Instantiating TestContextBootstrapper for test class [nasa.api.steps.CucumberTest] from class [org.springframework.test.context.support.DefaultTestContextBootstrapper]
19:50:47.009 [main] DEBUG org.springframework.test.context.support.AbstractDelegatingSmartContextLoader - Delegating to AnnotationConfigContextLoader to process context configuration [ContextConfigurationAttributes@26cdd4af declaringClass = 'nasa.api.steps.CucumberTest', classes = '{class core.ScenarioContext, class taf.cucumber.spring.Config}', locations = '{}', inheritLocations = true, initializers = '{}', inheritInitializers = true, name = [null], contextLoaderClass = 'org.springframework.test.context.ContextLoader'].
19:50:47.010 [main] DEBUG org.springframework.test.context.support.ActiveProfilesUtils - Could not find an 'annotation declaring class' for annotation type [org.springframework.test.context.ActiveProfiles] and class [nasa.api.steps.CucumberTest]
19:50:47.011 [main] DEBUG org.springframework.test.context.support.DefaultTestContextBootstrapper - @TestExecutionListeners is not present for class [nasa.api.steps.CucumberTest]: using defaults.
19:50:47.011 [main] INFO org.springframework.test.context.support.DefaultTestContextBootstrapper - Loaded default TestExecutionListener class names from location [META-INF/spring.factories]: [org.springframework.boot.test.mock.mockito.MockitoTestExecutionListener, org.springframework.boot.test.mock.mockito.ResetMocksTestExecutionListener, org.springframework.boot.test.autoconfigure.restdocs.RestDocsTestExecutionListener, org.springframework.boot.test.autoconfigure.web.client.MockRestServiceServerResetTestExecutionListener, org.springframework.boot.test.autoconfigure.web.servlet.MockMvcPrintOnlyOnFailureTestExecutionListener, org.springframework.boot.test.autoconfigure.web.servlet.WebDriverTestExecutionListener, org.springframework.boot.test.autoconfigure.webservices.client.MockWebServiceServerTestExecutionListener, org.springframework.test.context.web.ServletTestExecutionListener, org.springframework.test.context.support.DirtiesContextBeforeModesTestExecutionListener, org.springframework.test.context.event.ApplicationEventsTestExecutionListener, org.springframework.test.context.support.DependencyInjectionTestExecutionListener, org.springframework.test.context.support.DirtiesContextTestExecutionListener, org.springframework.test.context.transaction.TransactionalTestExecutionListener, org.springframework.test.context.jdbc.SqlScriptsTestExecutionListener, org.springframework.test.context.event.EventPublishingTestExecutionListener]
19:50:47.012 [main] DEBUG org.springframework.test.context.support.DefaultTestContextBootstrapper - Skipping candidate TestExecutionListener [org.springframework.test.context.web.ServletTestExecutionListener] due to a missing dependency. Specify custom listener classes or make the default listener classes and their required dependencies available. Offending class: [javax/servlet/ServletContext]
19:50:47.012 [main] DEBUG org.springframework.test.context.support.DefaultTestContextBootstrapper - Skipping candidate TestExecutionListener [org.springframework.test.context.transaction.TransactionalTestExecutionListener] due to a missing dependency. Specify custom listener classes or make the default listener classes and their required dependencies available. Offending class: [org/springframework/transaction/interceptor/TransactionAttributeSource]
19:50:47.013 [main] DEBUG org.springframework.test.context.support.DefaultTestContextBootstrapper - Skipping candidate TestExecutionListener [org.springframework.test.context.jdbc.SqlScriptsTestExecutionListener] due to a missing dependency. Specify custom listener classes or make the default listener classes and their required dependencies available. Offending class: [org/springframework/transaction/interceptor/TransactionAttribute]
19:50:47.013 [main] INFO org.springframework.test.context.support.DefaultTestContextBootstrapper - Using TestExecutionListeners: [org.springframework.test.context.support.DirtiesContextBeforeModesTestExecutionListener@54f373d4, org.springframework.test.context.event.ApplicationEventsTestExecutionListener@1c53bd49, org.springframework.boot.test.mock.mockito.MockitoTestExecutionListener@16949dfa, org.springframework.test.context.support.DependencyInjectionTestExecutionListener@d6d683e, org.springframework.test.context.support.DirtiesContextTestExecutionListener@42cfd794, org.springframework.test.context.event.EventPublishingTestExecutionListener@43778371, org.springframework.boot.test.mock.mockito.ResetMocksTestExecutionListener@71beada8, org.springframework.boot.test.autoconfigure.restdocs.RestDocsTestExecutionListener@17f41739, org.springframework.boot.test.autoconfigure.web.client.MockRestServiceServerResetTestExecutionListener@2b3b1124, org.springframework.boot.test.autoconfigure.web.servlet.MockMvcPrintOnlyOnFailureTestExecutionListener@54286339, org.springframework.boot.test.autoconfigure.web.servlet.WebDriverTestExecutionListener@507f47f9, org.springframework.boot.test.autoconfigure.webservices.client.MockWebServiceServerTestExecutionListener@6785df10]
19:50:47.013 [main] DEBUG org.springframework.test.context.cache.DefaultCacheAwareContextLoaderDelegate - Retrieved ApplicationContext [583015088] from cache with key [[MergedContextConfiguration@144440f5 testClass = CucumberTest, locations = '{}', classes = '{class core.ScenarioContext, class taf.cucumber.spring.Config}', contextInitializerClasses = '[]', activeProfiles = '{}', propertySourceLocations = '{}', propertySourceProperties = '{}', contextCustomizers = set[org.springframework.boot.test.context.filter.ExcludeFilterContextCustomizer@7997b197, org.springframework.boot.test.json.DuplicateJsonObjectContextCustomizerFactory$DuplicateJsonObjectContextCustomizer@55f3c410, org.springframework.boot.test.mock.mockito.MockitoContextCustomizer@0, org.springframework.boot.test.autoconfigure.actuate.metrics.MetricsExportContextCustomizerFactory$DisableMetricExportContextCustomizer@49f5c307, org.springframework.boot.test.autoconfigure.properties.PropertyMappingContextCustomizer@0, org.springframework.boot.test.autoconfigure.web.servlet.WebDriverContextCustomizerFactory$Customizer@64712be], contextLoader = 'org.springframework.test.context.support.DelegatingSmartContextLoader', parent = [null]]]
19:50:47.013 [main] DEBUG org.springframework.test.context.cache - Spring test ApplicationContext cache statistics: [DefaultContextCache@3062f9f4 size = 1, maxSize = 32, parentContextCount = 0, hitCount = 3, missCount = 1]
19:50:47.013 [main] DEBUG org.springframework.beans.factory.support.DefaultListableBeanFactory - Replacing scope 'cucumber-glue' from [io.cucumber.spring.CucumberScenarioScope@3e2c8ef] to [io.cucumber.spring.CucumberScenarioScope@290807e5]
19:50:47.014 [main] DEBUG org.springframework.test.context.support.AbstractDirtiesContextTestExecutionListener - Before test class: context [DefaultTestContext@60bc308b testClass = CucumberTest, testInstance = [null], testMethod = [null], testException = [null], mergedContextConfiguration = [MergedContextConfiguration@144440f5 testClass = CucumberTest, locations = '{}', classes = '{class core.ScenarioContext, class taf.cucumber.spring.Config}', contextInitializerClasses = '[]', activeProfiles = '{}', propertySourceLocations = '{}', propertySourceProperties = '{}', contextCustomizers = set[org.springframework.boot.test.context.filter.ExcludeFilterContextCustomizer@7997b197, org.springframework.boot.test.json.DuplicateJsonObjectContextCustomizerFactory$DuplicateJsonObjectContextCustomizer@55f3c410, org.springframework.boot.test.mock.mockito.MockitoContextCustomizer@0, org.springframework.boot.test.autoconfigure.actuate.metrics.MetricsExportContextCustomizerFactory$DisableMetricExportContextCustomizer@49f5c307, org.springframework.boot.test.autoconfigure.properties.PropertyMappingContextCustomizer@0, org.springframework.boot.test.autoconfigure.web.servlet.WebDriverContextCustomizerFactory$Customizer@64712be], contextLoader = 'org.springframework.test.context.support.DelegatingSmartContextLoader', parent = [null]], attributes = map[[empty]]], class annotated with @DirtiesContext [false] with mode [null].
19:50:47.014 [main] DEBUG org.springframework.test.context.cache.DefaultCacheAwareContextLoaderDelegate - Retrieved ApplicationContext [583015088] from cache with key [[MergedContextConfiguration@144440f5 testClass = CucumberTest, locations = '{}', classes = '{class core.ScenarioContext, class taf.cucumber.spring.Config}', contextInitializerClasses = '[]', activeProfiles = '{}', propertySourceLocations = '{}', propertySourceProperties = '{}', contextCustomizers = set[org.springframework.boot.test.context.filter.ExcludeFilterContextCustomizer@7997b197, org.springframework.boot.test.json.DuplicateJsonObjectContextCustomizerFactory$DuplicateJsonObjectContextCustomizer@55f3c410, org.springframework.boot.test.mock.mockito.MockitoContextCustomizer@0, org.springframework.boot.test.autoconfigure.actuate.metrics.MetricsExportContextCustomizerFactory$DisableMetricExportContextCustomizer@49f5c307, org.springframework.boot.test.autoconfigure.properties.PropertyMappingContextCustomizer@0, org.springframework.boot.test.autoconfigure.web.servlet.WebDriverContextCustomizerFactory$Customizer@64712be], contextLoader = 'org.springframework.test.context.support.DelegatingSmartContextLoader', parent = [null]]]
19:50:47.014 [main] DEBUG org.springframework.test.context.cache - Spring test ApplicationContext cache statistics: [DefaultContextCache@3062f9f4 size = 1, maxSize = 32, parentContextCount = 0, hitCount = 4, missCount = 1]
19:50:47.022 [main] DEBUG org.springframework.core.env.PropertySourcesPropertyResolver - Found key 'url' in PropertySource 'configurationProperties' with value of type String
19:50:47.022 [main] DEBUG org.springframework.core.env.PropertySourcesPropertyResolver - Found key 'url' in PropertySource 'environmentProperties' with value of type String
19:50:47.023 [main] DEBUG org.springframework.core.env.PropertySourcesPropertyResolver - Found key 'url' in PropertySource 'configurationProperties' with value of type String
19:50:47.023 [main] DEBUG org.springframework.core.env.PropertySourcesPropertyResolver - Found key 'url' in PropertySource 'environmentProperties' with value of type String
19:50:47.033 [main] DEBUG org.apache.http.impl.conn.BasicClientConnectionManager - Get connection for route {s}->https://api.nasa.gov:443
19:50:47.034 [main] DEBUG org.apache.http.impl.conn.DefaultClientConnectionOperator - Connecting to api.nasa.gov:443
19:50:47.741 [main] DEBUG org.apache.http.client.protocol.RequestAddCookies - CookieSpec selected: ignoreCookies
19:50:47.741 [main] DEBUG org.apache.http.client.protocol.RequestAuthCache - Auth cache not set in the context
19:50:47.741 [main] DEBUG org.apache.http.client.protocol.RequestTargetAuthentication - Target auth state: UNCHALLENGED
19:50:47.741 [main] DEBUG org.apache.http.client.protocol.RequestProxyAuthentication - Proxy auth state: UNCHALLENGED
19:50:47.741 [main] DEBUG org.apache.http.impl.client.DefaultHttpClient - Attempt 1 to execute request
19:50:47.741 [main] DEBUG org.apache.http.impl.conn.DefaultClientConnection - Sending request: GET /mars-photos/api/v1/rovers/curiosity/photos?earth_date=2015-05-30&api_key HTTP/1.1
19:50:47.741 [main] DEBUG org.apache.http.wire -  >> "GET /mars-photos/api/v1/rovers/curiosity/photos?earth_date=2015-05-30&api_key HTTP/1.1[\r][\n]"
19:50:47.741 [main] DEBUG org.apache.http.wire -  >> "Accept: */*[\r][\n]"
19:50:47.741 [main] DEBUG org.apache.http.wire -  >> "Host: api.nasa.gov[\r][\n]"
19:50:47.741 [main] DEBUG org.apache.http.wire -  >> "Connection: Keep-Alive[\r][\n]"
19:50:47.741 [main] DEBUG org.apache.http.wire -  >> "User-Agent: Apache-HttpClient/4.5.3 (Java/15.0.2)[\r][\n]"
19:50:47.741 [main] DEBUG org.apache.http.wire -  >> "Accept-Encoding: gzip,deflate[\r][\n]"
19:50:47.741 [main] DEBUG org.apache.http.wire -  >> "[\r][\n]"
19:50:47.741 [main] DEBUG org.apache.http.headers - >> GET /mars-photos/api/v1/rovers/curiosity/photos?earth_date=2015-05-30&api_key HTTP/1.1
19:50:47.742 [main] DEBUG org.apache.http.headers - >> Accept: */*
19:50:47.742 [main] DEBUG org.apache.http.headers - >> Host: api.nasa.gov
19:50:47.742 [main] DEBUG org.apache.http.headers - >> Connection: Keep-Alive
19:50:47.742 [main] DEBUG org.apache.http.headers - >> User-Agent: Apache-HttpClient/4.5.3 (Java/15.0.2)
19:50:47.742 [main] DEBUG org.apache.http.headers - >> Accept-Encoding: gzip,deflate
19:50:47.900 [main] DEBUG org.apache.http.wire -  << "HTTP/1.1 403 Forbidden[\r][\n]"
19:50:47.900 [main] DEBUG org.apache.http.wire -  << "Date: Fri, 06 Aug 2021 22:50:47 GMT[\r][\n]"
19:50:47.900 [main] DEBUG org.apache.http.wire -  << "Content-Type: application/json[\r][\n]"
19:50:47.900 [main] DEBUG org.apache.http.wire -  << "Transfer-Encoding: chunked[\r][\n]"
19:50:47.900 [main] DEBUG org.apache.http.wire -  << "Connection: keep-alive[\r][\n]"
19:50:47.900 [main] DEBUG org.apache.http.wire -  << "Vary: Accept-Encoding[\r][\n]"
19:50:47.900 [main] DEBUG org.apache.http.wire -  << "Access-Control-Allow-Origin: *[\r][\n]"
19:50:47.900 [main] DEBUG org.apache.http.wire -  << "X-Cache: MISS[\r][\n]"
19:50:47.900 [main] DEBUG org.apache.http.wire -  << "Strict-Transport-Security: max-age=31536000; preload[\r][\n]"
19:50:47.900 [main] DEBUG org.apache.http.wire -  << "Content-Encoding: gzip[\r][\n]"
19:50:47.900 [main] DEBUG org.apache.http.wire -  << "[\r][\n]"
19:50:47.900 [main] DEBUG org.apache.http.impl.conn.DefaultClientConnection - Receiving response: HTTP/1.1 403 Forbidden
19:50:47.900 [main] DEBUG org.apache.http.headers - << HTTP/1.1 403 Forbidden
19:50:47.900 [main] DEBUG org.apache.http.headers - << Date: Fri, 06 Aug 2021 22:50:47 GMT
19:50:47.900 [main] DEBUG org.apache.http.headers - << Content-Type: application/json
19:50:47.900 [main] DEBUG org.apache.http.headers - << Transfer-Encoding: chunked
19:50:47.900 [main] DEBUG org.apache.http.headers - << Connection: keep-alive
19:50:47.900 [main] DEBUG org.apache.http.headers - << Vary: Accept-Encoding
19:50:47.900 [main] DEBUG org.apache.http.headers - << Access-Control-Allow-Origin: *
19:50:47.900 [main] DEBUG org.apache.http.headers - << X-Cache: MISS
19:50:47.900 [main] DEBUG org.apache.http.headers - << Strict-Transport-Security: max-age=31536000; preload
19:50:47.900 [main] DEBUG org.apache.http.headers - << Content-Encoding: gzip
19:50:47.901 [main] DEBUG org.apache.http.impl.client.DefaultHttpClient - Connection can be kept alive indefinitely
19:50:47.901 [main] DEBUG io.restassured.internal.RequestSpecificationImpl$RestAssuredHttpBuilder - Parsing response as: application/json
19:50:47.901 [main] DEBUG org.apache.http.wire -  << "88[\r][\n]"
19:50:47.901 [main] DEBUG org.apache.http.wire -  << "[0x1f][0x8b][0x8][0x0][0x0][0x0][0x0][0x0][0x0][0x3][0xab][0xe6]RPPJ-*[0xca]/R[0xb2]R[0xa8][0x6]r[0x80][0xdc][0xe4][0xfc][0x94]T O[0xc9]1[0xc0]3[0xde][0xdb]52[0xde][0xd7]38[0xd8][0xd3][0xcf]]I[0x7]"[0x9d][0x9b]Z\[0x9c][0x98][0xe]V[0xe1][0x97][0xaf][0x90]X[0x90][0x19][0x9f][0x9d]Z[0xa9]P[0x9e]X[0xac]P\ZP[0x90][0x93][0x99][0x9a][0xa2][0xa7][0xe0][0x9e]Z[0xa2][0x90][0x9f][0x97][0xaa][0x90]X[0xa2][0x90]QRRPl[0xa5][0xaf][0xf]T[0xa8][0x97][0x97]X[0x9c][0xa8][0x97][0x9e]_febb[0xac][0x4]4[0xad][0x96][0xab][0x16][0x0]#;[0xb3]([0x81][0x0][0x0][0x0]"
19:50:47.901 [main] DEBUG org.apache.http.wire -  << "[\r][\n]"
19:50:47.901 [main] DEBUG org.apache.http.wire -  << "0[\r][\n]"
19:50:47.901 [main] DEBUG org.apache.http.wire -  << "[\r][\n]"
19:50:47.901 [main] DEBUG io.restassured.internal.RequestSpecificationImpl$RestAssuredHttpBuilder - Parsed data to instance of: class org.apache.http.conn.EofSensorInputStream
19:50:47.903 [main] DEBUG org.apache.http.impl.conn.BasicClientConnectionManager - Releasing connection org.apache.http.impl.conn.ManagedClientConnectionImpl@2b1d1a5
19:50:47.903 [main] DEBUG org.apache.http.impl.conn.BasicClientConnectionManager - Connection can be kept alive indefinitely
&amp#27;[31mF&amp#27;[0m&amp#27;[36m-&amp#27;[0m19:50:47.914 [main] DEBUG org.springframework.test.context.cache.DefaultCacheAwareContextLoaderDelegate - Retrieved ApplicationContext [583015088] from cache with key [[MergedContextConfiguration@144440f5 testClass = CucumberTest, locations = '{}', classes = '{class core.ScenarioContext, class taf.cucumber.spring.Config}', contextInitializerClasses = '[]', activeProfiles = '{}', propertySourceLocations = '{}', propertySourceProperties = '{}', contextCustomizers = set[org.springframework.boot.test.context.filter.ExcludeFilterContextCustomizer@7997b197, org.springframework.boot.test.json.DuplicateJsonObjectContextCustomizerFactory$DuplicateJsonObjectContextCustomizer@55f3c410, org.springframework.boot.test.mock.mockito.MockitoContextCustomizer@0, org.springframework.boot.test.autoconfigure.actuate.metrics.MetricsExportContextCustomizerFactory$DisableMetricExportContextCustomizer@49f5c307, org.springframework.boot.test.autoconfigure.properties.PropertyMappingContextCustomizer@0, org.springframework.boot.test.autoconfigure.web.servlet.WebDriverContextCustomizerFactory$Customizer@64712be], contextLoader = 'org.springframework.test.context.support.DelegatingSmartContextLoader', parent = [null]]]
19:50:47.914 [main] DEBUG org.springframework.test.context.cache - Spring test ApplicationContext cache statistics: [DefaultContextCache@3062f9f4 size = 1, maxSize = 32, parentContextCount = 0, hitCount = 5, missCount = 1]
19:50:47.914 [main] DEBUG org.springframework.test.context.support.AbstractDirtiesContextTestExecutionListener - After test class: context [DefaultTestContext@60bc308b testClass = CucumberTest, testInstance = [null], testMethod = [null], testException = [null], mergedContextConfiguration = [MergedContextConfiguration@144440f5 testClass = CucumberTest, locations = '{}', classes = '{class core.ScenarioContext, class taf.cucumber.spring.Config}', contextInitializerClasses = '[]', activeProfiles = '{}', propertySourceLocations = '{}', propertySourceProperties = '{}', contextCustomizers = set[org.springframework.boot.test.context.filter.ExcludeFilterContextCustomizer@7997b197, org.springframework.boot.test.json.DuplicateJsonObjectContextCustomizerFactory$DuplicateJsonObjectContextCustomizer@55f3c410, org.springframework.boot.test.mock.mockito.MockitoContextCustomizer@0, org.springframework.boot.test.autoconfigure.actuate.metrics.MetricsExportContextCustomizerFactory$DisableMetricExportContextCustomizer@49f5c307, org.springframework.boot.test.autoconfigure.properties.PropertyMappingContextCustomizer@0, org.springframework.boot.test.autoconfigure.web.servlet.WebDriverContextCustomizerFactory$Customizer@64712be], contextLoader = 'org.springframework.test.context.support.DelegatingSmartContextLoader', parent = [null]], attributes = map[[empty]]], class annotated with @DirtiesContext [false] with mode [null].
]]></system-out>
  </testcase>
  <testcase name="runScenario" classname="nasa.api.steps.CucumberTest" time="0.94">
    <failure message="Cannot invoke &quot;Object.getClass()&quot; because &quot;original&quot; is null" type="java.lang.NullPointerException">java.lang.NullPointerException: Cannot invoke "Object.getClass()" because "original" is null
</failure>
    <system-out><![CDATA[19:50:47.915 [main] DEBUG org.springframework.test.context.BootstrapUtils - Instantiating CacheAwareContextLoaderDelegate from class [org.springframework.test.context.cache.DefaultCacheAwareContextLoaderDelegate]
19:50:47.915 [main] DEBUG org.springframework.test.context.BootstrapUtils - Instantiating BootstrapContext using constructor [public org.springframework.test.context.support.DefaultBootstrapContext(java.lang.Class,org.springframework.test.context.CacheAwareContextLoaderDelegate)]
19:50:47.915 [main] DEBUG org.springframework.test.context.BootstrapUtils - Instantiating TestContextBootstrapper for test class [nasa.api.steps.CucumberTest] from class [org.springframework.test.context.support.DefaultTestContextBootstrapper]
19:50:47.916 [main] DEBUG org.springframework.test.context.support.AbstractDelegatingSmartContextLoader - Delegating to AnnotationConfigContextLoader to process context configuration [ContextConfigurationAttributes@27b490de declaringClass = 'nasa.api.steps.CucumberTest', classes = '{class core.ScenarioContext, class taf.cucumber.spring.Config}', locations = '{}', inheritLocations = true, initializers = '{}', inheritInitializers = true, name = [null], contextLoaderClass = 'org.springframework.test.context.ContextLoader'].
19:50:47.917 [main] DEBUG org.springframework.test.context.support.ActiveProfilesUtils - Could not find an 'annotation declaring class' for annotation type [org.springframework.test.context.ActiveProfiles] and class [nasa.api.steps.CucumberTest]
19:50:47.917 [main] DEBUG org.springframework.test.context.support.DefaultTestContextBootstrapper - @TestExecutionListeners is not present for class [nasa.api.steps.CucumberTest]: using defaults.
19:50:47.917 [main] INFO org.springframework.test.context.support.DefaultTestContextBootstrapper - Loaded default TestExecutionListener class names from location [META-INF/spring.factories]: [org.springframework.boot.test.mock.mockito.MockitoTestExecutionListener, org.springframework.boot.test.mock.mockito.ResetMocksTestExecutionListener, org.springframework.boot.test.autoconfigure.restdocs.RestDocsTestExecutionListener, org.springframework.boot.test.autoconfigure.web.client.MockRestServiceServerResetTestExecutionListener, org.springframework.boot.test.autoconfigure.web.servlet.MockMvcPrintOnlyOnFailureTestExecutionListener, org.springframework.boot.test.autoconfigure.web.servlet.WebDriverTestExecutionListener, org.springframework.boot.test.autoconfigure.webservices.client.MockWebServiceServerTestExecutionListener, org.springframework.test.context.web.ServletTestExecutionListener, org.springframework.test.context.support.DirtiesContextBeforeModesTestExecutionListener, org.springframework.test.context.event.ApplicationEventsTestExecutionListener, org.springframework.test.context.support.DependencyInjectionTestExecutionListener, org.springframework.test.context.support.DirtiesContextTestExecutionListener, org.springframework.test.context.transaction.TransactionalTestExecutionListener, org.springframework.test.context.jdbc.SqlScriptsTestExecutionListener, org.springframework.test.context.event.EventPublishingTestExecutionListener]
19:50:47.917 [main] DEBUG org.springframework.test.context.support.DefaultTestContextBootstrapper - Skipping candidate TestExecutionListener [org.springframework.test.context.web.ServletTestExecutionListener] due to a missing dependency. Specify custom listener classes or make the default listener classes and their required dependencies available. Offending class: [javax/servlet/ServletContext]
19:50:47.918 [main] DEBUG org.springframework.test.context.support.DefaultTestContextBootstrapper - Skipping candidate TestExecutionListener [org.springframework.test.context.transaction.TransactionalTestExecutionListener] due to a missing dependency. Specify custom listener classes or make the default listener classes and their required dependencies available. Offending class: [org/springframework/transaction/interceptor/TransactionAttributeSource]
19:50:47.918 [main] DEBUG org.springframework.test.context.support.DefaultTestContextBootstrapper - Skipping candidate TestExecutionListener [org.springframework.test.context.jdbc.SqlScriptsTestExecutionListener] due to a missing dependency. Specify custom listener classes or make the default listener classes and their required dependencies available. Offending class: [org/springframework/transaction/interceptor/TransactionAttribute]
19:50:47.918 [main] INFO org.springframework.test.context.support.DefaultTestContextBootstrapper - Using TestExecutionListeners: [org.springframework.test.context.support.DirtiesContextBeforeModesTestExecutionListener@36cf16a6, org.springframework.test.context.event.ApplicationEventsTestExecutionListener@3dd750ba, org.springframework.boot.test.mock.mockito.MockitoTestExecutionListener@7eefaca0, org.springframework.test.context.support.DependencyInjectionTestExecutionListener@7d5ef1c3, org.springframework.test.context.support.DirtiesContextTestExecutionListener@33eab2e8, org.springframework.test.context.event.EventPublishingTestExecutionListener@34bf66af, org.springframework.boot.test.mock.mockito.ResetMocksTestExecutionListener@37364634, org.springframework.boot.test.autoconfigure.restdocs.RestDocsTestExecutionListener@3dec79f8, org.springframework.boot.test.autoconfigure.web.client.MockRestServiceServerResetTestExecutionListener@5bf7f15f, org.springframework.boot.test.autoconfigure.web.servlet.MockMvcPrintOnlyOnFailureTestExecutionListener@14b26e90, org.springframework.boot.test.autoconfigure.web.servlet.WebDriverTestExecutionListener@11309dd4, org.springframework.boot.test.autoconfigure.webservices.client.MockWebServiceServerTestExecutionListener@4f4d05b3]
19:50:47.918 [main] DEBUG org.springframework.test.context.cache.DefaultCacheAwareContextLoaderDelegate - Retrieved ApplicationContext [583015088] from cache with key [[MergedContextConfiguration@2bd4780c testClass = CucumberTest, locations = '{}', classes = '{class core.ScenarioContext, class taf.cucumber.spring.Config}', contextInitializerClasses = '[]', activeProfiles = '{}', propertySourceLocations = '{}', propertySourceProperties = '{}', contextCustomizers = set[org.springframework.boot.test.context.filter.ExcludeFilterContextCustomizer@7997b197, org.springframework.boot.test.json.DuplicateJsonObjectContextCustomizerFactory$DuplicateJsonObjectContextCustomizer@55f3c410, org.springframework.boot.test.mock.mockito.MockitoContextCustomizer@0, org.springframework.boot.test.autoconfigure.actuate.metrics.MetricsExportContextCustomizerFactory$DisableMetricExportContextCustomizer@49f5c307, org.springframework.boot.test.autoconfigure.properties.PropertyMappingContextCustomizer@0, org.springframework.boot.test.autoconfigure.web.servlet.WebDriverContextCustomizerFactory$Customizer@64712be], contextLoader = 'org.springframework.test.context.support.DelegatingSmartContextLoader', parent = [null]]]
19:50:47.918 [main] DEBUG org.springframework.test.context.cache - Spring test ApplicationContext cache statistics: [DefaultContextCache@3062f9f4 size = 1, maxSize = 32, parentContextCount = 0, hitCount = 6, missCount = 1]
19:50:47.918 [main] DEBUG org.springframework.beans.factory.support.DefaultListableBeanFactory - Replacing scope 'cucumber-glue' from [io.cucumber.spring.CucumberScenarioScope@290807e5] to [io.cucumber.spring.CucumberScenarioScope@2c154508]
19:50:47.918 [main] DEBUG org.springframework.test.context.support.AbstractDirtiesContextTestExecutionListener - Before test class: context [DefaultTestContext@395eb363 testClass = CucumberTest, testInstance = [null], testMethod = [null], testException = [null], mergedContextConfiguration = [MergedContextConfiguration@2bd4780c testClass = CucumberTest, locations = '{}', classes = '{class core.ScenarioContext, class taf.cucumber.spring.Config}', contextInitializerClasses = '[]', activeProfiles = '{}', propertySourceLocations = '{}', propertySourceProperties = '{}', contextCustomizers = set[org.springframework.boot.test.context.filter.ExcludeFilterContextCustomizer@7997b197, org.springframework.boot.test.json.DuplicateJsonObjectContextCustomizerFactory$DuplicateJsonObjectContextCustomizer@55f3c410, org.springframework.boot.test.mock.mockito.MockitoContextCustomizer@0, org.springframework.boot.test.autoconfigure.actuate.metrics.MetricsExportContextCustomizerFactory$DisableMetricExportContextCustomizer@49f5c307, org.springframework.boot.test.autoconfigure.properties.PropertyMappingContextCustomizer@0, org.springframework.boot.test.autoconfigure.web.servlet.WebDriverContextCustomizerFactory$Customizer@64712be], contextLoader = 'org.springframework.test.context.support.DelegatingSmartContextLoader', parent = [null]], attributes = map[[empty]]], class annotated with @DirtiesContext [false] with mode [null].
19:50:47.918 [main] DEBUG org.springframework.test.context.cache.DefaultCacheAwareContextLoaderDelegate - Retrieved ApplicationContext [583015088] from cache with key [[MergedContextConfiguration@2bd4780c testClass = CucumberTest, locations = '{}', classes = '{class core.ScenarioContext, class taf.cucumber.spring.Config}', contextInitializerClasses = '[]', activeProfiles = '{}', propertySourceLocations = '{}', propertySourceProperties = '{}', contextCustomizers = set[org.springframework.boot.test.context.filter.ExcludeFilterContextCustomizer@7997b197, org.springframework.boot.test.json.DuplicateJsonObjectContextCustomizerFactory$DuplicateJsonObjectContextCustomizer@55f3c410, org.springframework.boot.test.mock.mockito.MockitoContextCustomizer@0, org.springframework.boot.test.autoconfigure.actuate.metrics.MetricsExportContextCustomizerFactory$DisableMetricExportContextCustomizer@49f5c307, org.springframework.boot.test.autoconfigure.properties.PropertyMappingContextCustomizer@0, org.springframework.boot.test.autoconfigure.web.servlet.WebDriverContextCustomizerFactory$Customizer@64712be], contextLoader = 'org.springframework.test.context.support.DelegatingSmartContextLoader', parent = [null]]]
19:50:47.919 [main] DEBUG org.springframework.test.context.cache - Spring test ApplicationContext cache statistics: [DefaultContextCache@3062f9f4 size = 1, maxSize = 32, parentContextCount = 0, hitCount = 7, missCount = 1]
19:50:47.924 [main] DEBUG org.springframework.core.env.PropertySourcesPropertyResolver - Found key 'url' in PropertySource 'configurationProperties' with value of type String
19:50:47.924 [main] DEBUG org.springframework.core.env.PropertySourcesPropertyResolver - Found key 'url' in PropertySource 'environmentProperties' with value of type String
19:50:47.925 [main] DEBUG org.springframework.core.env.PropertySourcesPropertyResolver - Found key 'url' in PropertySource 'configurationProperties' with value of type String
19:50:47.925 [main] DEBUG org.springframework.core.env.PropertySourcesPropertyResolver - Found key 'url' in PropertySource 'environmentProperties' with value of type String
19:50:47.932 [main] DEBUG org.apache.http.impl.conn.BasicClientConnectionManager - Get connection for route {s}->https://api.nasa.gov:443
19:50:47.933 [main] DEBUG org.apache.http.impl.conn.DefaultClientConnectionOperator - Connecting to api.nasa.gov:443
19:50:48.662 [main] DEBUG org.apache.http.client.protocol.RequestAddCookies - CookieSpec selected: ignoreCookies
19:50:48.662 [main] DEBUG org.apache.http.client.protocol.RequestAuthCache - Auth cache not set in the context
19:50:48.663 [main] DEBUG org.apache.http.client.protocol.RequestTargetAuthentication - Target auth state: UNCHALLENGED
19:50:48.663 [main] DEBUG org.apache.http.client.protocol.RequestProxyAuthentication - Proxy auth state: UNCHALLENGED
19:50:48.663 [main] DEBUG org.apache.http.impl.client.DefaultHttpClient - Attempt 1 to execute request
19:50:48.663 [main] DEBUG org.apache.http.impl.conn.DefaultClientConnection - Sending request: GET /mars-photos/api/v1/rovers/curiosity/photos?sol=1000&api_key HTTP/1.1
19:50:48.663 [main] DEBUG org.apache.http.wire -  >> "GET /mars-photos/api/v1/rovers/curiosity/photos?sol=1000&api_key HTTP/1.1[\r][\n]"
19:50:48.663 [main] DEBUG org.apache.http.wire -  >> "Accept: */*[\r][\n]"
19:50:48.663 [main] DEBUG org.apache.http.wire -  >> "Host: api.nasa.gov[\r][\n]"
19:50:48.663 [main] DEBUG org.apache.http.wire -  >> "Connection: Keep-Alive[\r][\n]"
19:50:48.664 [main] DEBUG org.apache.http.wire -  >> "User-Agent: Apache-HttpClient/4.5.3 (Java/15.0.2)[\r][\n]"
19:50:48.664 [main] DEBUG org.apache.http.wire -  >> "Accept-Encoding: gzip,deflate[\r][\n]"
19:50:48.664 [main] DEBUG org.apache.http.wire -  >> "[\r][\n]"
19:50:48.664 [main] DEBUG org.apache.http.headers - >> GET /mars-photos/api/v1/rovers/curiosity/photos?sol=1000&api_key HTTP/1.1
19:50:48.664 [main] DEBUG org.apache.http.headers - >> Accept: */*
19:50:48.664 [main] DEBUG org.apache.http.headers - >> Host: api.nasa.gov
19:50:48.664 [main] DEBUG org.apache.http.headers - >> Connection: Keep-Alive
19:50:48.664 [main] DEBUG org.apache.http.headers - >> User-Agent: Apache-HttpClient/4.5.3 (Java/15.0.2)
19:50:48.664 [main] DEBUG org.apache.http.headers - >> Accept-Encoding: gzip,deflate
19:50:48.831 [main] DEBUG org.apache.http.wire -  << "HTTP/1.1 403 Forbidden[\r][\n]"
19:50:48.832 [main] DEBUG org.apache.http.wire -  << "Date: Fri, 06 Aug 2021 22:50:47 GMT[\r][\n]"
19:50:48.832 [main] DEBUG org.apache.http.wire -  << "Content-Type: application/json[\r][\n]"
19:50:48.832 [main] DEBUG org.apache.http.wire -  << "Transfer-Encoding: chunked[\r][\n]"
19:50:48.832 [main] DEBUG org.apache.http.wire -  << "Connection: keep-alive[\r][\n]"
19:50:48.832 [main] DEBUG org.apache.http.wire -  << "Vary: Accept-Encoding[\r][\n]"
19:50:48.832 [main] DEBUG org.apache.http.wire -  << "Access-Control-Allow-Origin: *[\r][\n]"
19:50:48.832 [main] DEBUG org.apache.http.wire -  << "X-Cache: MISS[\r][\n]"
19:50:48.832 [main] DEBUG org.apache.http.wire -  << "Strict-Transport-Security: max-age=31536000; preload[\r][\n]"
19:50:48.832 [main] DEBUG org.apache.http.wire -  << "Content-Encoding: gzip[\r][\n]"
19:50:48.832 [main] DEBUG org.apache.http.wire -  << "[\r][\n]"
19:50:48.832 [main] DEBUG org.apache.http.impl.conn.DefaultClientConnection - Receiving response: HTTP/1.1 403 Forbidden
19:50:48.832 [main] DEBUG org.apache.http.headers - << HTTP/1.1 403 Forbidden
19:50:48.832 [main] DEBUG org.apache.http.headers - << Date: Fri, 06 Aug 2021 22:50:47 GMT
19:50:48.832 [main] DEBUG org.apache.http.headers - << Content-Type: application/json
19:50:48.832 [main] DEBUG org.apache.http.headers - << Transfer-Encoding: chunked
19:50:48.832 [main] DEBUG org.apache.http.headers - << Connection: keep-alive
19:50:48.832 [main] DEBUG org.apache.http.headers - << Vary: Accept-Encoding
19:50:48.832 [main] DEBUG org.apache.http.headers - << Access-Control-Allow-Origin: *
19:50:48.832 [main] DEBUG org.apache.http.headers - << X-Cache: MISS
19:50:48.832 [main] DEBUG org.apache.http.headers - << Strict-Transport-Security: max-age=31536000; preload
19:50:48.832 [main] DEBUG org.apache.http.headers - << Content-Encoding: gzip
19:50:48.832 [main] DEBUG org.apache.http.impl.client.DefaultHttpClient - Connection can be kept alive indefinitely
19:50:48.832 [main] DEBUG io.restassured.internal.RequestSpecificationImpl$RestAssuredHttpBuilder - Parsing response as: application/json
19:50:48.832 [main] DEBUG org.apache.http.wire -  << "88[\r][\n]"
19:50:48.832 [main] DEBUG org.apache.http.wire -  << "[0x1f][0x8b][0x8][0x0][0x0][0x0][0x0][0x0][0x0][0x3][0xab][0xe6]RPPJ-*[0xca]/R[0xb2]R[0xa8][0x6]r[0x80][0xdc][0xe4][0xfc][0x94]T O[0xc9]1[0xc0]3[0xde][0xdb]52[0xde][0xd7]38[0xd8][0xd3][0xcf]]I[0x7]"[0x9d][0x9b]Z\[0x9c][0x98][0xe]V[0xe1][0x97][0xaf][0x90]X[0x90][0x19][0x9f][0x9d]Z[0xa9]P[0x9e]X[0xac]P\ZP[0x90][0x93][0x99][0x9a][0xa2][0xa7][0xe0][0x9e]Z[0xa2][0x90][0x9f][0x97][0xaa][0x90]X[0xa2][0x90]QRRPl[0xa5][0xaf][0xf]T[0xa8][0x97][0x97]X[0x9c][0xa8][0x97][0x9e]_febb[0xac][0x4]4[0xad][0x96][0xab][0x16][0x0]#;[0xb3]([0x81][0x0][0x0][0x0]"
19:50:48.832 [main] DEBUG org.apache.http.wire -  << "[\r][\n]"
19:50:48.832 [main] DEBUG org.apache.http.wire -  << "0[\r][\n]"
19:50:48.832 [main] DEBUG org.apache.http.wire -  << "[\r][\n]"
19:50:48.832 [main] DEBUG io.restassured.internal.RequestSpecificationImpl$RestAssuredHttpBuilder - Parsed data to instance of: class org.apache.http.conn.EofSensorInputStream
19:50:48.833 [main] DEBUG org.apache.http.impl.conn.BasicClientConnectionManager - Releasing connection org.apache.http.impl.conn.ManagedClientConnectionImpl@69e36fe3
19:50:48.833 [main] DEBUG org.apache.http.impl.conn.BasicClientConnectionManager - Connection can be kept alive indefinitely
19:50:48.844 [Finalizer] DEBUG org.apache.http.impl.conn.DefaultClientConnection - Connection 0.0.0.0:54994<->3.217.44.79:443 closed
&amp#27;[31mF&amp#27;[0m&amp#27;[36m-&amp#27;[0m&amp#27;[36m-&amp#27;[0m19:50:48.851 [main] DEBUG org.springframework.test.context.cache.DefaultCacheAwareContextLoaderDelegate - Retrieved ApplicationContext [583015088] from cache with key [[MergedContextConfiguration@2bd4780c testClass = CucumberTest, locations = '{}', classes = '{class core.ScenarioContext, class taf.cucumber.spring.Config}', contextInitializerClasses = '[]', activeProfiles = '{}', propertySourceLocations = '{}', propertySourceProperties = '{}', contextCustomizers = set[org.springframework.boot.test.context.filter.ExcludeFilterContextCustomizer@7997b197, org.springframework.boot.test.json.DuplicateJsonObjectContextCustomizerFactory$DuplicateJsonObjectContextCustomizer@55f3c410, org.springframework.boot.test.mock.mockito.MockitoContextCustomizer@0, org.springframework.boot.test.autoconfigure.actuate.metrics.MetricsExportContextCustomizerFactory$DisableMetricExportContextCustomizer@49f5c307, org.springframework.boot.test.autoconfigure.properties.PropertyMappingContextCustomizer@0, org.springframework.boot.test.autoconfigure.web.servlet.WebDriverContextCustomizerFactory$Customizer@64712be], contextLoader = 'org.springframework.test.context.support.DelegatingSmartContextLoader', parent = [null]]]
19:50:48.851 [main] DEBUG org.springframework.test.context.cache - Spring test ApplicationContext cache statistics: [DefaultContextCache@3062f9f4 size = 1, maxSize = 32, parentContextCount = 0, hitCount = 8, missCount = 1]
19:50:48.852 [main] DEBUG org.springframework.test.context.support.AbstractDirtiesContextTestExecutionListener - After test class: context [DefaultTestContext@395eb363 testClass = CucumberTest, testInstance = [null], testMethod = [null], testException = [null], mergedContextConfiguration = [MergedContextConfiguration@2bd4780c testClass = CucumberTest, locations = '{}', classes = '{class core.ScenarioContext, class taf.cucumber.spring.Config}', contextInitializerClasses = '[]', activeProfiles = '{}', propertySourceLocations = '{}', propertySourceProperties = '{}', contextCustomizers = set[org.springframework.boot.test.context.filter.ExcludeFilterContextCustomizer@7997b197, org.springframework.boot.test.json.DuplicateJsonObjectContextCustomizerFactory$DuplicateJsonObjectContextCustomizer@55f3c410, org.springframework.boot.test.mock.mockito.MockitoContextCustomizer@0, org.springframework.boot.test.autoconfigure.actuate.metrics.MetricsExportContextCustomizerFactory$DisableMetricExportContextCustomizer@49f5c307, org.springframework.boot.test.autoconfigure.properties.PropertyMappingContextCustomizer@0, org.springframework.boot.test.autoconfigure.web.servlet.WebDriverContextCustomizerFactory$Customizer@64712be], contextLoader = 'org.springframework.test.context.support.DelegatingSmartContextLoader', parent = [null]], attributes = map[[empty]]], class annotated with @DirtiesContext [false] with mode [null].
]]></system-out>
  </testcase>
  <testcase name="runScenario" classname="nasa.api.steps.CucumberTest" time="0.965">
    <failure message="Cannot read the array length because &quot;array&quot; is null" type="java.lang.NullPointerException">java.lang.NullPointerException: Cannot read the array length because "array" is null
</failure>
    <system-out><![CDATA[19:50:48.852 [main] DEBUG org.springframework.test.context.BootstrapUtils - Instantiating CacheAwareContextLoaderDelegate from class [org.springframework.test.context.cache.DefaultCacheAwareContextLoaderDelegate]
19:50:48.852 [main] DEBUG org.springframework.test.context.BootstrapUtils - Instantiating BootstrapContext using constructor [public org.springframework.test.context.support.DefaultBootstrapContext(java.lang.Class,org.springframework.test.context.CacheAwareContextLoaderDelegate)]
19:50:48.853 [main] DEBUG org.springframework.test.context.BootstrapUtils - Instantiating TestContextBootstrapper for test class [nasa.api.steps.CucumberTest] from class [org.springframework.test.context.support.DefaultTestContextBootstrapper]
19:50:48.854 [main] DEBUG org.springframework.test.context.support.AbstractDelegatingSmartContextLoader - Delegating to AnnotationConfigContextLoader to process context configuration [ContextConfigurationAttributes@77998ea7 declaringClass = 'nasa.api.steps.CucumberTest', classes = '{class core.ScenarioContext, class taf.cucumber.spring.Config}', locations = '{}', inheritLocations = true, initializers = '{}', inheritInitializers = true, name = [null], contextLoaderClass = 'org.springframework.test.context.ContextLoader'].
19:50:48.854 [main] DEBUG org.springframework.test.context.support.ActiveProfilesUtils - Could not find an 'annotation declaring class' for annotation type [org.springframework.test.context.ActiveProfiles] and class [nasa.api.steps.CucumberTest]
19:50:48.854 [main] DEBUG org.springframework.test.context.support.DefaultTestContextBootstrapper - @TestExecutionListeners is not present for class [nasa.api.steps.CucumberTest]: using defaults.
19:50:48.854 [main] INFO org.springframework.test.context.support.DefaultTestContextBootstrapper - Loaded default TestExecutionListener class names from location [META-INF/spring.factories]: [org.springframework.boot.test.mock.mockito.MockitoTestExecutionListener, org.springframework.boot.test.mock.mockito.ResetMocksTestExecutionListener, org.springframework.boot.test.autoconfigure.restdocs.RestDocsTestExecutionListener, org.springframework.boot.test.autoconfigure.web.client.MockRestServiceServerResetTestExecutionListener, org.springframework.boot.test.autoconfigure.web.servlet.MockMvcPrintOnlyOnFailureTestExecutionListener, org.springframework.boot.test.autoconfigure.web.servlet.WebDriverTestExecutionListener, org.springframework.boot.test.autoconfigure.webservices.client.MockWebServiceServerTestExecutionListener, org.springframework.test.context.web.ServletTestExecutionListener, org.springframework.test.context.support.DirtiesContextBeforeModesTestExecutionListener, org.springframework.test.context.event.ApplicationEventsTestExecutionListener, org.springframework.test.context.support.DependencyInjectionTestExecutionListener, org.springframework.test.context.support.DirtiesContextTestExecutionListener, org.springframework.test.context.transaction.TransactionalTestExecutionListener, org.springframework.test.context.jdbc.SqlScriptsTestExecutionListener, org.springframework.test.context.event.EventPublishingTestExecutionListener]
19:50:48.855 [main] DEBUG org.springframework.test.context.support.DefaultTestContextBootstrapper - Skipping candidate TestExecutionListener [org.springframework.test.context.web.ServletTestExecutionListener] due to a missing dependency. Specify custom listener classes or make the default listener classes and their required dependencies available. Offending class: [javax/servlet/ServletContext]
19:50:48.855 [main] DEBUG org.springframework.test.context.support.DefaultTestContextBootstrapper - Skipping candidate TestExecutionListener [org.springframework.test.context.transaction.TransactionalTestExecutionListener] due to a missing dependency. Specify custom listener classes or make the default listener classes and their required dependencies available. Offending class: [org/springframework/transaction/interceptor/TransactionAttributeSource]
19:50:48.855 [main] DEBUG org.springframework.test.context.support.DefaultTestContextBootstrapper - Skipping candidate TestExecutionListener [org.springframework.test.context.jdbc.SqlScriptsTestExecutionListener] due to a missing dependency. Specify custom listener classes or make the default listener classes and their required dependencies available. Offending class: [org/springframework/transaction/interceptor/TransactionAttribute]
19:50:48.855 [main] INFO org.springframework.test.context.support.DefaultTestContextBootstrapper - Using TestExecutionListeners: [org.springframework.test.context.support.DirtiesContextBeforeModesTestExecutionListener@252d8df6, org.springframework.test.context.event.ApplicationEventsTestExecutionListener@36638b59, org.springframework.boot.test.mock.mockito.MockitoTestExecutionListener@2f8f40cc, org.springframework.test.context.support.DependencyInjectionTestExecutionListener@14d81f2c, org.springframework.test.context.support.DirtiesContextTestExecutionListener@5dd3727c, org.springframework.test.context.event.EventPublishingTestExecutionListener@774013dc, org.springframework.boot.test.mock.mockito.ResetMocksTestExecutionListener@229cb4d8, org.springframework.boot.test.autoconfigure.restdocs.RestDocsTestExecutionListener@76e9eed8, org.springframework.boot.test.autoconfigure.web.client.MockRestServiceServerResetTestExecutionListener@30ef32eb, org.springframework.boot.test.autoconfigure.web.servlet.MockMvcPrintOnlyOnFailureTestExecutionListener@474619d9, org.springframework.boot.test.autoconfigure.web.servlet.WebDriverTestExecutionListener@bb5f9d, org.springframework.boot.test.autoconfigure.webservices.client.MockWebServiceServerTestExecutionListener@391dfe7c]
19:50:48.855 [main] DEBUG org.springframework.test.context.cache.DefaultCacheAwareContextLoaderDelegate - Retrieved ApplicationContext [583015088] from cache with key [[MergedContextConfiguration@702cfbde testClass = CucumberTest, locations = '{}', classes = '{class core.ScenarioContext, class taf.cucumber.spring.Config}', contextInitializerClasses = '[]', activeProfiles = '{}', propertySourceLocations = '{}', propertySourceProperties = '{}', contextCustomizers = set[org.springframework.boot.test.context.filter.ExcludeFilterContextCustomizer@7997b197, org.springframework.boot.test.json.DuplicateJsonObjectContextCustomizerFactory$DuplicateJsonObjectContextCustomizer@55f3c410, org.springframework.boot.test.mock.mockito.MockitoContextCustomizer@0, org.springframework.boot.test.autoconfigure.actuate.metrics.MetricsExportContextCustomizerFactory$DisableMetricExportContextCustomizer@49f5c307, org.springframework.boot.test.autoconfigure.properties.PropertyMappingContextCustomizer@0, org.springframework.boot.test.autoconfigure.web.servlet.WebDriverContextCustomizerFactory$Customizer@64712be], contextLoader = 'org.springframework.test.context.support.DelegatingSmartContextLoader', parent = [null]]]
19:50:48.855 [main] DEBUG org.springframework.test.context.cache - Spring test ApplicationContext cache statistics: [DefaultContextCache@3062f9f4 size = 1, maxSize = 32, parentContextCount = 0, hitCount = 9, missCount = 1]
19:50:48.855 [main] DEBUG org.springframework.beans.factory.support.DefaultListableBeanFactory - Replacing scope 'cucumber-glue' from [io.cucumber.spring.CucumberScenarioScope@2c154508] to [io.cucumber.spring.CucumberScenarioScope@7d3bcd3]
19:50:48.856 [main] DEBUG org.springframework.test.context.support.AbstractDirtiesContextTestExecutionListener - Before test class: context [DefaultTestContext@5dce5c03 testClass = CucumberTest, testInstance = [null], testMethod = [null], testException = [null], mergedContextConfiguration = [MergedContextConfiguration@702cfbde testClass = CucumberTest, locations = '{}', classes = '{class core.ScenarioContext, class taf.cucumber.spring.Config}', contextInitializerClasses = '[]', activeProfiles = '{}', propertySourceLocations = '{}', propertySourceProperties = '{}', contextCustomizers = set[org.springframework.boot.test.context.filter.ExcludeFilterContextCustomizer@7997b197, org.springframework.boot.test.json.DuplicateJsonObjectContextCustomizerFactory$DuplicateJsonObjectContextCustomizer@55f3c410, org.springframework.boot.test.mock.mockito.MockitoContextCustomizer@0, org.springframework.boot.test.autoconfigure.actuate.metrics.MetricsExportContextCustomizerFactory$DisableMetricExportContextCustomizer@49f5c307, org.springframework.boot.test.autoconfigure.properties.PropertyMappingContextCustomizer@0, org.springframework.boot.test.autoconfigure.web.servlet.WebDriverContextCustomizerFactory$Customizer@64712be], contextLoader = 'org.springframework.test.context.support.DelegatingSmartContextLoader', parent = [null]], attributes = map[[empty]]], class annotated with @DirtiesContext [false] with mode [null].
19:50:48.856 [main] DEBUG org.springframework.test.context.cache.DefaultCacheAwareContextLoaderDelegate - Retrieved ApplicationContext [583015088] from cache with key [[MergedContextConfiguration@702cfbde testClass = CucumberTest, locations = '{}', classes = '{class core.ScenarioContext, class taf.cucumber.spring.Config}', contextInitializerClasses = '[]', activeProfiles = '{}', propertySourceLocations = '{}', propertySourceProperties = '{}', contextCustomizers = set[org.springframework.boot.test.context.filter.ExcludeFilterContextCustomizer@7997b197, org.springframework.boot.test.json.DuplicateJsonObjectContextCustomizerFactory$DuplicateJsonObjectContextCustomizer@55f3c410, org.springframework.boot.test.mock.mockito.MockitoContextCustomizer@0, org.springframework.boot.test.autoconfigure.actuate.metrics.MetricsExportContextCustomizerFactory$DisableMetricExportContextCustomizer@49f5c307, org.springframework.boot.test.autoconfigure.properties.PropertyMappingContextCustomizer@0, org.springframework.boot.test.autoconfigure.web.servlet.WebDriverContextCustomizerFactory$Customizer@64712be], contextLoader = 'org.springframework.test.context.support.DelegatingSmartContextLoader', parent = [null]]]
19:50:48.856 [main] DEBUG org.springframework.test.context.cache - Spring test ApplicationContext cache statistics: [DefaultContextCache@3062f9f4 size = 1, maxSize = 32, parentContextCount = 0, hitCount = 10, missCount = 1]
19:50:48.859 [main] DEBUG org.springframework.core.env.PropertySourcesPropertyResolver - Found key 'url' in PropertySource 'configurationProperties' with value of type String
19:50:48.859 [main] DEBUG org.springframework.core.env.PropertySourcesPropertyResolver - Found key 'url' in PropertySource 'environmentProperties' with value of type String
19:50:48.859 [main] DEBUG org.springframework.core.env.PropertySourcesPropertyResolver - Found key 'url' in PropertySource 'configurationProperties' with value of type String
19:50:48.859 [main] DEBUG org.springframework.core.env.PropertySourcesPropertyResolver - Found key 'url' in PropertySource 'environmentProperties' with value of type String
19:50:48.873 [main] DEBUG org.apache.http.impl.conn.BasicClientConnectionManager - Get connection for route {s}->https://api.nasa.gov:443
19:50:48.873 [main] DEBUG org.apache.http.impl.conn.DefaultClientConnectionOperator - Connecting to api.nasa.gov:443
19:50:49.602 [main] DEBUG org.apache.http.client.protocol.RequestAddCookies - CookieSpec selected: ignoreCookies
19:50:49.603 [main] DEBUG org.apache.http.client.protocol.RequestAuthCache - Auth cache not set in the context
19:50:49.603 [main] DEBUG org.apache.http.client.protocol.RequestTargetAuthentication - Target auth state: UNCHALLENGED
19:50:49.603 [main] DEBUG org.apache.http.client.protocol.RequestProxyAuthentication - Proxy auth state: UNCHALLENGED
19:50:49.603 [main] DEBUG org.apache.http.impl.client.DefaultHttpClient - Attempt 1 to execute request
19:50:49.603 [main] DEBUG org.apache.http.impl.conn.DefaultClientConnection - Sending request: GET /mars-photos/api/v1/rovers/curiosity/photos?sol=1000&api_key HTTP/1.1
19:50:49.603 [main] DEBUG org.apache.http.wire -  >> "GET /mars-photos/api/v1/rovers/curiosity/photos?sol=1000&api_key HTTP/1.1[\r][\n]"
19:50:49.603 [main] DEBUG org.apache.http.wire -  >> "Accept: */*[\r][\n]"
19:50:49.603 [main] DEBUG org.apache.http.wire -  >> "Host: api.nasa.gov[\r][\n]"
19:50:49.604 [main] DEBUG org.apache.http.wire -  >> "Connection: Keep-Alive[\r][\n]"
19:50:49.604 [main] DEBUG org.apache.http.wire -  >> "User-Agent: Apache-HttpClient/4.5.3 (Java/15.0.2)[\r][\n]"
19:50:49.604 [main] DEBUG org.apache.http.wire -  >> "Accept-Encoding: gzip,deflate[\r][\n]"
19:50:49.604 [main] DEBUG org.apache.http.wire -  >> "[\r][\n]"
19:50:49.604 [main] DEBUG org.apache.http.headers - >> GET /mars-photos/api/v1/rovers/curiosity/photos?sol=1000&api_key HTTP/1.1
19:50:49.604 [main] DEBUG org.apache.http.headers - >> Accept: */*
19:50:49.604 [main] DEBUG org.apache.http.headers - >> Host: api.nasa.gov
19:50:49.604 [main] DEBUG org.apache.http.headers - >> Connection: Keep-Alive
19:50:49.604 [main] DEBUG org.apache.http.headers - >> User-Agent: Apache-HttpClient/4.5.3 (Java/15.0.2)
19:50:49.604 [main] DEBUG org.apache.http.headers - >> Accept-Encoding: gzip,deflate
19:50:49.798 [main] DEBUG org.apache.http.wire -  << "HTTP/1.1 403 Forbidden[\r][\n]"
19:50:49.798 [main] DEBUG org.apache.http.wire -  << "Date: Fri, 06 Aug 2021 22:50:48 GMT[\r][\n]"
19:50:49.798 [main] DEBUG org.apache.http.wire -  << "Content-Type: application/json[\r][\n]"
19:50:49.798 [main] DEBUG org.apache.http.wire -  << "Transfer-Encoding: chunked[\r][\n]"
19:50:49.798 [main] DEBUG org.apache.http.wire -  << "Connection: keep-alive[\r][\n]"
19:50:49.799 [main] DEBUG org.apache.http.wire -  << "Vary: Accept-Encoding[\r][\n]"
19:50:49.799 [main] DEBUG org.apache.http.wire -  << "Access-Control-Allow-Origin: *[\r][\n]"
19:50:49.799 [main] DEBUG org.apache.http.wire -  << "X-Cache: MISS[\r][\n]"
19:50:49.799 [main] DEBUG org.apache.http.wire -  << "Strict-Transport-Security: max-age=31536000; preload[\r][\n]"
19:50:49.799 [main] DEBUG org.apache.http.wire -  << "Content-Encoding: gzip[\r][\n]"
19:50:49.799 [main] DEBUG org.apache.http.wire -  << "[\r][\n]"
19:50:49.799 [main] DEBUG org.apache.http.impl.conn.DefaultClientConnection - Receiving response: HTTP/1.1 403 Forbidden
19:50:49.799 [main] DEBUG org.apache.http.headers - << HTTP/1.1 403 Forbidden
19:50:49.799 [main] DEBUG org.apache.http.headers - << Date: Fri, 06 Aug 2021 22:50:48 GMT
19:50:49.799 [main] DEBUG org.apache.http.headers - << Content-Type: application/json
19:50:49.799 [main] DEBUG org.apache.http.headers - << Transfer-Encoding: chunked
19:50:49.799 [main] DEBUG org.apache.http.headers - << Connection: keep-alive
19:50:49.799 [main] DEBUG org.apache.http.headers - << Vary: Accept-Encoding
19:50:49.799 [main] DEBUG org.apache.http.headers - << Access-Control-Allow-Origin: *
19:50:49.799 [main] DEBUG org.apache.http.headers - << X-Cache: MISS
19:50:49.800 [main] DEBUG org.apache.http.headers - << Strict-Transport-Security: max-age=31536000; preload
19:50:49.800 [main] DEBUG org.apache.http.headers - << Content-Encoding: gzip
19:50:49.800 [main] DEBUG org.apache.http.impl.client.DefaultHttpClient - Connection can be kept alive indefinitely
19:50:49.801 [main] DEBUG io.restassured.internal.RequestSpecificationImpl$RestAssuredHttpBuilder - Parsing response as: application/json
19:50:49.801 [main] DEBUG org.apache.http.wire -  << "88[\r][\n]"
19:50:49.801 [main] DEBUG org.apache.http.wire -  << "[0x1f][0x8b][0x8][0x0][0x0][0x0][0x0][0x0][0x0][0x3][0xab][0xe6]RPPJ-*[0xca]/R[0xb2]R[0xa8][0x6]r[0x80][0xdc][0xe4][0xfc][0x94]T O[0xc9]1[0xc0]3[0xde][0xdb]52[0xde][0xd7]38[0xd8][0xd3][0xcf]]I[0x7]"[0x9d][0x9b]Z\[0x9c][0x98][0xe]V[0xe1][0x97][0xaf][0x90]X[0x90][0x19][0x9f][0x9d]Z[0xa9]P[0x9e]X[0xac]P\ZP[0x90][0x93][0x99][0x9a][0xa2][0xa7][0xe0][0x9e]Z[0xa2][0x90][0x9f][0x97][0xaa][0x90]X[0xa2][0x90]QRRPl[0xa5][0xaf][0xf]T[0xa8][0x97][0x97]X[0x9c][0xa8][0x97][0x9e]_febb[0xac][0x4]4[0xad][0x96][0xab][0x16][0x0]#;[0xb3]([0x81][0x0][0x0][0x0]"
19:50:49.801 [main] DEBUG org.apache.http.wire -  << "[\r][\n]"
19:50:49.801 [main] DEBUG org.apache.http.wire -  << "0[\r][\n]"
19:50:49.801 [main] DEBUG org.apache.http.wire -  << "[\r][\n]"
19:50:49.801 [main] DEBUG io.restassured.internal.RequestSpecificationImpl$RestAssuredHttpBuilder - Parsed data to instance of: class org.apache.http.conn.EofSensorInputStream
19:50:49.802 [main] DEBUG org.apache.http.impl.conn.BasicClientConnectionManager - Releasing connection org.apache.http.impl.conn.ManagedClientConnectionImpl@2bc59ab7
19:50:49.802 [main] DEBUG org.apache.http.impl.conn.BasicClientConnectionManager - Connection can be kept alive indefinitely
&amp#27;[32m.&amp#27;[0m&amp#27;[31mF&amp#27;[0m19:50:49.818 [main] DEBUG org.springframework.test.context.cache.DefaultCacheAwareContextLoaderDelegate - Retrieved ApplicationContext [583015088] from cache with key [[MergedContextConfiguration@702cfbde testClass = CucumberTest, locations = '{}', classes = '{class core.ScenarioContext, class taf.cucumber.spring.Config}', contextInitializerClasses = '[]', activeProfiles = '{}', propertySourceLocations = '{}', propertySourceProperties = '{}', contextCustomizers = set[org.springframework.boot.test.context.filter.ExcludeFilterContextCustomizer@7997b197, org.springframework.boot.test.json.DuplicateJsonObjectContextCustomizerFactory$DuplicateJsonObjectContextCustomizer@55f3c410, org.springframework.boot.test.mock.mockito.MockitoContextCustomizer@0, org.springframework.boot.test.autoconfigure.actuate.metrics.MetricsExportContextCustomizerFactory$DisableMetricExportContextCustomizer@49f5c307, org.springframework.boot.test.autoconfigure.properties.PropertyMappingContextCustomizer@0, org.springframework.boot.test.autoconfigure.web.servlet.WebDriverContextCustomizerFactory$Customizer@64712be], contextLoader = 'org.springframework.test.context.support.DelegatingSmartContextLoader', parent = [null]]]
19:50:49.818 [main] DEBUG org.springframework.test.context.cache - Spring test ApplicationContext cache statistics: [DefaultContextCache@3062f9f4 size = 1, maxSize = 32, parentContextCount = 0, hitCount = 11, missCount = 1]
19:50:49.819 [main] DEBUG org.springframework.test.context.support.AbstractDirtiesContextTestExecutionListener - After test class: context [DefaultTestContext@5dce5c03 testClass = CucumberTest, testInstance = [null], testMethod = [null], testException = [null], mergedContextConfiguration = [MergedContextConfiguration@702cfbde testClass = CucumberTest, locations = '{}', classes = '{class core.ScenarioContext, class taf.cucumber.spring.Config}', contextInitializerClasses = '[]', activeProfiles = '{}', propertySourceLocations = '{}', propertySourceProperties = '{}', contextCustomizers = set[org.springframework.boot.test.context.filter.ExcludeFilterContextCustomizer@7997b197, org.springframework.boot.test.json.DuplicateJsonObjectContextCustomizerFactory$DuplicateJsonObjectContextCustomizer@55f3c410, org.springframework.boot.test.mock.mockito.MockitoContextCustomizer@0, org.springframework.boot.test.autoconfigure.actuate.metrics.MetricsExportContextCustomizerFactory$DisableMetricExportContextCustomizer@49f5c307, org.springframework.boot.test.autoconfigure.properties.PropertyMappingContextCustomizer@0, org.springframework.boot.test.autoconfigure.web.servlet.WebDriverContextCustomizerFactory$Customizer@64712be], contextLoader = 'org.springframework.test.context.support.DelegatingSmartContextLoader', parent = [null]], attributes = map[[empty]]], class annotated with @DirtiesContext [false] with mode [null].
]]></system-out>
  </testcase>
</testsuite>