<?xml version="1.0" encoding="UTF-8"?>
<!-- Generated by org.testng.reporters.JUnitReportReporter -->
<testsuite hostname="LAPTOP-1CLD85NQ" failures="0" tests="4" name="nasa.api.steps.CucumberTest" time="6.007" errors="4" timestamp="2021-08-06T19:50:49 BRT" skipped="0">
  <testcase classname="nasa.api.steps.CucumberTest" name="runScenario" time="3.197">
    <error message="Cannot invoke &quot;Object.getClass()&quot; because &quot;original&quot; is null" type="java.lang.NullPointerException">
      <![CDATA[java.lang.NullPointerException: Cannot invoke "Object.getClass()" because "original" is null
at java.base/java.util.Arrays.copyOf(Arrays.java:3480)
at nasa.api.steps.RestSteps.getPhotosByDate(RestSteps.java:47)
at ✽.I request the 10 first photos made by "curiosity" on "1000"(file:///C:/Users/yuggo/IdeaProjects/allure-cucumber5-testng/src/test/resources/features/nasa-api.feature:4)
]]>
    </error>
  </testcase> <!-- runScenario -->
  <system-out/>
  <testcase classname="nasa.api.steps.CucumberTest" name="runScenario" time="0.937">
    <error message="Cannot invoke &quot;Object.getClass()&quot; because &quot;original&quot; is null" type="java.lang.NullPointerException">
      <![CDATA[java.lang.NullPointerException: Cannot invoke "Object.getClass()" because "original" is null
at java.base/java.util.Arrays.copyOf(Arrays.java:3480)
at nasa.api.steps.RestSteps.getPhotosByDate(RestSteps.java:47)
at ✽.I request the 10 first photos made by "curiosity" on "1000"(file:///C:/Users/yuggo/IdeaProjects/allure-cucumber5-testng/src/test/resources/features/nasa-api.feature:12)
]]>
    </error>
  </testcase> <!-- runScenario -->
  <system-out/>
  <testcase classname="nasa.api.steps.CucumberTest" name="runScenario" time="0.967">
    <error message="Cannot read the array length because &quot;array&quot; is null" type="java.lang.NullPointerException">
      <![CDATA[java.lang.NullPointerException: Cannot read the array length because "array" is null
at java.base/java.util.Arrays.stream(Arrays.java:5427)
at nasa.api.steps.RestSteps.cameraFiredLessThan10times(RestSteps.java:79)
at ✽.No camera fired more than 10 times than the others(file:///C:/Users/yuggo/IdeaProjects/allure-cucumber5-testng/src/test/resources/features/nasa-api.feature:18)
]]>
    </error>
  </testcase> <!-- runScenario -->
  <system-out/>
  <testcase classname="nasa.api.steps.CucumberTest" name="runScenario" time="0.906">
    <error message="Cannot invoke &quot;Object.getClass()&quot; because &quot;original&quot; is null" type="java.lang.NullPointerException">
      <![CDATA[java.lang.NullPointerException: Cannot invoke "Object.getClass()" because "original" is null
at java.base/java.util.Arrays.copyOf(Arrays.java:3480)
at nasa.api.steps.RestSteps.getPhotosByDate(RestSteps.java:47)
at ✽.I request the 10 first photos made by "curiosity" on "2015-05-30"(file:///C:/Users/yuggo/IdeaProjects/allure-cucumber5-testng/src/test/resources/features/nasa-api.feature:4)
]]>
    </error>
  </testcase> <!-- runScenario -->
  <system-out/>
</testsuite> <!-- nasa.api.steps.CucumberTest -->
